"../../../Engine/Content/EditorResources/S_Actor.uasset" 0
"../../../Engine/Content/EngineResources/AICON-Red.uasset" 1
"../../../Engine/Content/EngineResources/AICON-Green.uasset" 2
"../../../Engine/Content/EngineFonts/Roboto.uasset" 3
"../../../Engine/Content/Functions/Engine_MaterialFunctions01/Shading/PowerToRoughness.uasset" 4
"../../../Engine/Content/Functions/Engine_MaterialFunctions01/Shading/ConvertFromDiffSpec.uasset" 5
"../../../Engine/Content/EngineMaterials/DefaultDiffuse.uasset" 6
"../../../Engine/Content/EngineMaterials/DefaultDeferredDecalMaterial.uasset" 7
"../../../Engine/Content/EngineMaterials/DefaultLightFunctionMaterial.uasset" 8
"../../../Engine/Content/Functions/Engine_MaterialFunctions02/Utility/BreakOutFloat2Components.uasset" 9
"../../../Engine/Content/EngineMaterials/DefaultPostProcessMaterial.uasset" 10
"../../../Engine/Content/EngineResources/DefaultTexture.uasset" 11
"../../../Engine/Content/Functions/Engine_MaterialFunctions01/Texturing/ScaleUVsByCenter.uasset" 12
"../../../Engine/Content/Functions/Engine_MaterialFunctions02/ScreenResolution.uasset" 13
"../../../Engine/Content/Functions/Engine_MaterialFunctions02/Texturing/ScreenAlignedUVs.uasset" 14
"../../../Engine/Content/EngineResources/WhiteSquareTexture.uasset" 15
"../../../Engine/Content/EngineMaterials/Widget3DPassThrough.uasset" 16
"../../../Engine/Content/EngineMaterials/Widget3DPassThrough_Translucent.uasset" 17
"../../../Engine/Content/EngineMaterials/Widget3DPassThrough_Translucent_OneSided.uasset" 18
"../../../Engine/Content/EngineMaterials/Widget3DPassThrough_Opaque.uasset" 19
"../../../Engine/Content/EngineMaterials/Widget3DPassThrough_Opaque_OneSided.uasset" 20
"../../../Engine/Content/EngineMaterials/Widget3DPassThrough_Masked.uasset" 21
"../../../Engine/Content/EngineMaterials/Widget3DPassThrough_Masked_OneSided.uasset" 22
"../../../Engine/Content/Maps/Templates/Thumbnails/Default.uasset" 23
"../../../Engine/Content/Maps/Templates/Thumbnails/VR-Basic.uasset" 24
"../../../Engine/Content/EditorMaterials/ParticleSystems/PSysThumbnail_NoImage.uasset" 25
"../../../Engine/Content/EditorMaterials/ParticleSystems/PSysThumbnail_OOD.uasset" 26
"../../../Engine/Content/EditorLandscapeResources/DataLayer.uasset" 27
"../../../Engine/Content/EngineDamageTypes/DmgTypeBP_Environmental.uasset" 28
"../../../Engine/Content/EngineMeshes/Sphere.uasset" 29
"../../../Engine/Content/EngineFonts/RobotoDistanceField.uasset" 30
"../../../Engine/Content/EngineMaterials/DefaultTextMaterialOpaque.uasset" 31
"../../../Engine/Content/EditorResources/S_Trigger.uasset" 32
"../../../Engine/Content/EngineResources/GradientTexture0.uasset" 33
"../../../Engine/Content/EngineResources/Black.uasset" 34
"../../../Engine/Content/EditorMaterials/MatineeGroups/MAT_Groups_Float.uasset" 35
"../../../Engine/Content/EditorMaterials/MatineeGroups/MAT_Groups_Director.uasset" 36
"../../../Engine/Content/EditorMaterials/MatineeGroups/MAT_Groups_Event.uasset" 37
"../../../Engine/Content/EditorMaterials/MatineeGroups/MAT_Groups_Anim.uasset" 38
"../../../Engine/Content/EditorMaterials/MatineeGroups/MAT_Groups_Fade.uasset" 39
"../../../Engine/Content/EditorMaterials/MatineeGroups/MAT_Groups_Move.uasset" 40
"../../../Engine/Content/EditorMaterials/MatineeGroups/MAT_Groups_Slomo.uasset" 41
"../../../Engine/Content/EditorMaterials/MatineeGroups/MAT_ColorTrack.uasset" 42
"../../../Engine/Content/EditorMaterials/MAT_Groups_Toggle.uasset" 43
"../../../Engine/Content/EditorMaterials/MatineeGroups/MAT_Groups_AudioMaster.uasset" 44
"../../../Engine/Content/EditorMaterials/MatineeGroups/MAT_Groups_Sound.uasset" 45
"../../../Engine/Content/EditorMaterials/MatineeGroups/MAT_Groups_Vector.uasset" 46
"../../../Engine/Content/EditorMaterials/MAT_Groups_Visibility.uasset" 47
"../../../Engine/Content/EngineResources/DefaultTextureCube.uasset" 48
"../../../Engine/Content/Functions/Engine_MaterialFunctions01/Opacity/CameraDepthFade.uasset" 49
"../../../Engine/Content/EngineMaterials/T_Default_Material_Grid_M.uasset" 50
"../../../Engine/Content/EngineMaterials/T_Default_Material_Grid_N.uasset" 51
"../../../Engine/Content/EngineMaterials/DefaultMaterial.uasset" 52
"../../../Engine/Content/EngineMeshes/Cylinder.uasset" 53
"../../../Engine/Content/EngineTireTypes/DefaultTireType.uasset" 54
"../../../Engine/Content/EditorMaterials/Camera/CineMat.uasset" 55
"../../../Engine/Content/EditorMaterials/Camera/MI_CineMat_Rig.uasset" 56
"../../../Engine/Content/EditorMeshes/Camera/SM_CraneRig_Base.uasset" 57
"../../../Engine/Content/EditorMeshes/Camera/SM_CraneRig_Arm.uasset" 58
"../../../Engine/Content/EditorMeshes/Camera/SM_CraneRig_Mount.uasset" 59
"../../../Engine/Content/EditorMeshes/Camera/SM_CraneRig_Body.uasset" 60
"../../../Engine/Content/EditorMeshes/Camera/SM_RailRig_Track.uasset" 61
"../../../Engine/Content/EditorMeshes/Camera/SM_RailRig_Mount.uasset" 62
"../../../Engine/Content/VREditor/LaserPointer/VR_LaserPower_01.uasset" 63
"../../../Engine/Content/VREditor/TransformGizmo/TransformGizmoMaterial.uasset" 64
"../../../Engine/Content/VREditor/TransformGizmo/TranslucentTransformGizmoMaterial.uasset" 65
"../../../Engine/Content/VREditor/TransformGizmo/TranslationHandle.uasset" 66
"../../../Engine/Content/VREditor/TransformGizmo/PlaneTranslationHandle.uasset" 67
"../../../Engine/Content/VREditor/TransformGizmo/RotationHandle.uasset" 68
"../../../Engine/Content/VREditor/TransformGizmo/StretchingHandle.uasset" 69
"../../../Engine/Content/VREditor/TransformGizmo/BoundingBoxCorner.uasset" 70
"../../../Engine/Content/VREditor/TransformGizmo/BoundingBoxEdge.uasset" 71
"../../../Engine/Content/VREditor/TransformGizmo/UniformScaleHandle.uasset" 72
"../../../Engine/Content/VREditor/FloatingText/LineMaterial.uasset" 73
"../../../Engine/Content/VREditor/FloatingText/LineSegmentCylinder.uasset" 74
"../../../Engine/Content/VREditor/FloatingText/JointSphere.uasset" 75
"../../../Engine/Content/VREditor/Fonts/VRText_RobotoLarge.uasset" 76
"../../../Engine/Content/VREditor/Fonts/VRTextMaterial.uasset" 77
"../../../Engine/Content/VREditor/Fonts/TranslucentVRTextMaterial.uasset" 78
"../../../Engine/Content/VREditor/UI/SelectionBarMesh.uasset" 79
"../../../Engine/Content/VREditor/UI/CloseButtonMesh.uasset" 80
"../../../Engine/Content/Tutorial/ContentIntroCurve.uasset" 81
"../../../Engine/Plugins/2D/Paper2D/Content/PlaceholderTextures/DummySpriteTexture.uasset" 82
"../../../Engine/Plugins/2D/Paper2D/Content/DefaultSpriteMaterial.uasset" 83
"../../../Engine/Plugins/2D/Paper2D/Content/MaskedUnlitSpriteMaterial.uasset" 84
"../../../Engine/Plugins/2D/Paper2D/Content/OpaqueUnlitSpriteMaterial.uasset" 85
"../../../Engine/Plugins/2D/Paper2D/Content/DummySprite.uasset" 86
"../../../Engine/Plugins/2D/Paper2D/Content/DefaultPaperTerrainMaterial.uasset" 87
"../../../Engine/Content/EngineMaterials/RemoveSurfaceMaterial.uasset" 88
"../../../Engine/Content/EngineDebugMaterials/DebugMeshMaterial.uasset" 89
"../../../Engine/Content/EngineMaterials/InvalidLightmapSettings.uasset" 90
"../../../Engine/Content/EngineMaterials/M_InvalidLightmapSettings.uasset" 91
"../../../Engine/Content/EditorMaterials/GizmoMaterial.uasset" 92
"../../../Engine/Content/EngineMaterials/Good64x64TilingNoiseHighFreq.uasset" 93
"../../../Engine/Content/EngineMaterials/DefaultBokeh.uasset" 94
"../../../Engine/Content/EngineMaterials/PreintegratedSkinBRDF.uasset" 95
"../../../Engine/Content/EngineMaterials/MiniFont.uasset" 96
"../../../Engine/Content/EngineMaterials/WeightMapPlaceholderTexture.uasset" 97
"../../../Engine/Content/EngineMaterials/DefaultWhiteGrid.uasset" 98
"../../../Engine/Content/EngineMaterials/DefaultPhysicalMaterial.uasset" 99
"../../../Engine/Content/EngineFonts/RobotoTiny.uasset" 100
"../../../Engine/Content/EditorSounds/Notifications/CompileSuccess.uasset" 101
"../../../Engine/Content/EditorSounds/Notifications/CompileStart_Cue.uasset" 102
"../../../Engine/Content/EditorSounds/Notifications/CompileSuccess_Cue.uasset" 103
"../../../Engine/Content/EditorSounds/Notifications/CompileFailed.uasset" 104
"../../../Engine/Content/EditorSounds/Notifications/CompileFailed_Cue.uasset" 105
"../../../SpecterFront/Content/FirstPerson/FPWeapon/Mesh/SK_FPGun_PhysicsAsset.uasset" 106
"../../../SpecterFront/Content/Test/EnemySpawnData.uasset" 107
"../../../SpecterFront/Content/Test/EnemySpawnTable.uasset" 108
"../../../SpecterFront/Content/Test/BluePrints/NewBlueprint.uasset" 109
"../../../SpecterFront/Content/Test/BluePrints/NewBlueprint2.uasset" 110
"../../../SpecterFront/Content/StarterContent/Materials/M_Basic_Wall.uasset" 111
"../../../SpecterFront/Content/StarterContent/Shapes/Shape_Trim_90_Out.uasset" 112
"../../../SpecterFront/Content/StarterContent/Shapes/Shape_TriPyramid.uasset" 113
"../../../SpecterFront/Content/StarterContent/Shapes/Shape_Tube.uasset" 114
"../../../SpecterFront/Content/StarterContent/Shapes/Shape_Wedge_A.uasset" 115
"../../../SpecterFront/Content/StarterContent/Shapes/Shape_Wedge_B.uasset" 116
"../../../SpecterFront/Content/StarterContent/Shapes/Shape_WideCapsule.uasset" 117
"../../../Engine/Content/EditorBlueprintResources/StandardMacros.uasset" 118
"../../../SpecterFront/Content/AI/Enemy_Blackboard.uasset" 119
"../../../SpecterFront/Content/AI/BTT_LookTarget.uasset" 120
"../../../SpecterFront/Content/AI/BT_StandardAttack.uasset" 121
"../../../SpecterFront/Content/BluePrints/BP_PlayerCamera.uasset" 122
"../../../SpecterFront/Content/AI/Enemy_AIController.uasset" 123
"../../../SpecterFront/Content/BluePrints/Enemies/BP_BaseEnemy.uasset" 124
"../../../SpecterFront/Content/AI/BTS_SearchPlayer.uasset" 125
"../../../SpecterFront/Content/BluePrints/BP_Character.uasset" 126
"../../../Engine/Content/MobileResources/HUD/MobileHUDDirectionPad3.uasset" 127
"../../../SpecterFront/Content/Geometry/Meshes/CubeMaterial.uasset" 128
"../../../SpecterFront/Content/Geometry/Meshes/1M_Cube_Chamfer.uasset" 129
"../../../SpecterFront/Content/Geometry/Meshes/TemplateFloor.uasset" 130
"../../../SpecterFront/Content/StarterContent/Architecture/Pillar_50x500.uasset" 131
"../../../SpecterFront/Content/StarterContent/Architecture/Wall_400x300.uasset" 132
"../../../SpecterFront/Content/StarterContent/Architecture/Wall_400x400.uasset" 133
"../../../SpecterFront/Content/StarterContent/Architecture/Wall_500x500.uasset" 134
"../../../SpecterFront/Content/StarterContent/Architecture/Wall_Door_400x400.uasset" 135
"../../../SpecterFront/Content/StarterContent/Architecture/Wall_Window_400x400.uasset" 136
"../../../Engine/Content/EditorResources/EmptyActor.uasset" 137
"../../../SpecterFront/Content/Cheracters/Enemies/Meshes/Meterials/lambert1.uasset" 138
"../../../SpecterFront/Content/Cheracters/Enemies/Meshes/Meterials/tyoutin1.uasset" 139
"../../../SpecterFront/Content/Cheracters/Enemies/Meshes/Meterials/TyoutinEye1.uasset" 140
"../../../SpecterFront/Content/Cheracters/Enemies/Meshes/Meterials/TyoutinMouse1.uasset" 141
"../../../SpecterFront/Content/Cheracters/Enemies/Meshes/Meterials/TyoutinnBuhin1.uasset" 142
"../../../SpecterFront/Content/Cheracters/Enemies/Meshes/Tyochin1.uasset" 143
"../../../SpecterFront/Content/BluePrints/Enemies/BP_Lantern2.uasset" 144
"../../../SpecterFront/Content/BluePrints/Enemies/BP_BaseHumanoidEnemy.uasset" 145
"../../../Engine/Content/MobileResources/HUD/T_Castle_ThumbstickInner.uasset" 146
"../../../Engine/Content/MobileResources/HUD/MobileHUDButton2_off.uasset" 147
"../../../Engine/Content/MobileResources/HUD/MobileHUDDirectionStick.uasset" 148
"../../../Engine/Content/MobileResources/HUD/MobileHUDButton1_off.uasset" 149
"../../../Engine/Content/EditorResources/AudioIcons/S_AudioComponent_AutoActivate.uasset" 150
"../../../SpecterFront/Content/FirstPerson/FPWeapon/Materials/MaterialLayers/T_ML_FineRubber.uasset" 151
"../../../SpecterFront/Content/Test/Maps/Sequence01.uasset" 152
"../../../Engine/Content/MobileResources/HUD/MobileHUDDirectionPad2.uasset" 153
"../../../Engine/Content/MobileResources/HUD/MobileHUDDirectionPad.uasset" 154
"../../../Engine/Content/EditorResources/AudioIcons/S_AudioComponent.uasset" 155
"../../../Engine/Content/MobileResources/HUD/MobileHUDButton1_on.uasset" 156
"../../../Engine/Content/MobileResources/HUD/MobileHUDButtonFire.uasset" 157
"../../../Engine/Content/MobileResources/HUD/MobileHUDButton2_on.uasset" 158
"../../../Engine/Content/EditorResources/LightIcons/S_LightError.uasset" 159
"../../../Engine/Content/MobileResources/HUD/VirtualJoystick_Background.uasset" 160
"../../../Engine/Content/MobileResources/HUD/VirtualJoystick_Thumb.uasset" 161
"../../../Engine/Content/MobileResources/HUD/LeftVirtualJoystickOnly.uasset" 162
"../../../Engine/Content/MobileResources/T_MobileMenu2.uasset" 163
"../../../Engine/Content/MobileResources/HUD/MobileHUDButton3.uasset" 164
"../../../Engine/Content/MobileResources/T_MobileControls_texture.uasset" 165
"../../../Engine/Content/BasicShapes/Cone.uasset" 166
"../../../Engine/Content/BasicShapes/Cylinder.uasset" 167
"../../../Engine/Content/BasicShapes/Sphere.uasset" 168
"../../../Engine/Content/EditorMaterials/PhAT_JointLimitMaterial.uasset" 169
"../../../Engine/Content/EditorMaterials/PreviewShadowIndicator.uasset" 170
"../../../Engine/Content/EditorMaterials/PreviewShadowIndicatorMaterial.uasset" 171
"../../../Engine/Content/EditorResources/BSPVertex.uasset" 172
"../../../Engine/Content/EngineDebugMaterials/HeatmapGradient.uasset" 173
"../../../Engine/Content/EngineDebugMaterials/BoneWeightMaterial.uasset" 174
"../../../Engine/Content/EngineDebugMaterials/GeomMaterial.uasset" 175
"../../../Engine/Content/EngineMaterials/EditorBrushMaterial.uasset" 176
"../../../Engine/Content/EngineMeshes/Cube.uasset" 177
"../../../Engine/Content/MobileResources/HUD/AnalogHat.uasset" 178
"../../../Engine/Content/MobileResources/HUD/DefaultVirtualJoysticks.uasset" 179
"../../../Engine/Content/MobileResources/HUD/T_Castle_ThumbstickOutter.uasset" 180
"../../../Engine/Content/Tutorial/Basics/TutorialAssets/icon_tab_Levels_40x.uasset" 181
"../../../Engine/Content/Tutorial/BlueprintTutorials/TutorialAssets/BlueprintInterface_64x.uasset" 182
"../../../Engine/Content/Tutorial/BlueprintTutorials/TutorialAssets/BlueprintMacroLibrary_64x.uasset" 183
"../../../Engine/Content/Tutorial/BlueprintTutorials/TutorialAssets/Blueprint_64x.uasset" 184
"../../../Engine/Content/Tutorial/BlueprintTutorials/TutorialAssets/Tutorial_BP_Interface.uasset" 185
"../../../Engine/Content/Tutorial/Foliage/TutorialAssets/Foliage.uasset" 186
"../../../Engine/Content/Tutorial/Landscape/TutorialAssets/Landscape.uasset" 187
"../../../Engine/Content/Tutorial/Paper2D/TutorialAssets/Paper2DFlipbook_TutorialIcon.uasset" 188
"../../../Engine/Content/Tutorial/Paper2D/TutorialAssets/Paper2DSprite_TutorialIcon.uasset" 189
"../../../Engine/Content/Tutorial/SubEditors/TutorialAssets/icon_Editor_Preferences_General_40x.uasset" 190
"../../../Engine/Content/Tutorial/SubEditors/TutorialAssets/icon_ShowSkeletalMeshes_40x.uasset" 191
"../../../Engine/Content/Tutorial/SubEditors/TutorialAssets/TutorialMaterial.uasset" 192
"../../../Engine/Content/Tutorial/SubEditors/TutorialAssets/T_SmokeSubUV_8X8.uasset" 193
"../../../Engine/Content/Tutorial/SubEditors/TutorialAssets/T_soft_smoke.uasset" 194
"../../../Engine/Content/Tutorial/SubEditors/TutorialAssets/M_smoke_subUV_blackbody.uasset" 195
"../../../Engine/Content/Tutorial/SubEditors/TutorialAssets/TutorialParticleSystem.uasset" 196
"../../../Engine/Content/EngineMaterials/WorldGridMaterial.uasset" 197
"../../../Engine/Content/EditorMeshes/EditorCube.uasset" 198
"../../../Engine/Content/Tutorial/SubEditors/TutorialAssets/Tutorial_DM.uasset" 199
"../../../SpecterFront/Content/FirstPerson/FPWeapon/Materials/MaterialLayers/ML_Plastic_Shiny_Beige_LOGO.uasset" 200
"../../../SpecterFront/Content/StarterContent/Audio/Light01_Cue.uasset" 201
"../../../SpecterFront/Content/StarterContent/Audio/Light02_Cue.uasset" 202
"../../../SpecterFront/Content/StarterContent/Audio/Explosion_Cue.uasset" 203
"../../../SpecterFront/Content/StarterContent/Textures/T_Burst_M.uasset" 204
"../../../SpecterFront/Content/StarterContent/Particles/Materials/M_Burst.uasset" 205
"../../../SpecterFront/Content/StarterContent/Textures/T_Explosion_SubUV.uasset" 206
"../../../SpecterFront/Content/StarterContent/Particles/Materials/M_explosion_subUV.uasset" 207
"../../../SpecterFront/Content/StarterContent/Particles/Materials/m_flare_01.uasset" 208
"../../../Engine/Content/Functions/Engine_MaterialFunctions01/Gradient/RadialGradient.uasset" 209
"../../../SpecterFront/Content/StarterContent/Particles/Materials/M_radial_ramp.uasset" 210
"../../../SpecterFront/Content/StarterContent/Textures/T_Smoke_SubUV.uasset" 211
"../../../SpecterFront/Content/StarterContent/Textures/T_Smoke_Tiled_D.uasset" 212
"../../../SpecterFront/Content/StarterContent/Particles/Materials/M_smoke_subUV.uasset" 213
"../../../SpecterFront/Content/StarterContent/Particles/P_Explosion.uasset" 214
"../../../SpecterFront/Content/StarterContent/Blueprints/Blueprint_Effect_Explosion.uasset" 215
"../../../Engine/Content/EditorMeshes/ColorCalibrator/T_ColorGrid.uasset" 216
"../../../SpecterFront/Content/StarterContent/Materials/M_ColorGrid_LowSpec.uasset" 217
"../../../SpecterFront/Content/StarterContent/Textures/T_Bush_D.uasset" 218
"../../../SpecterFront/Content/StarterContent/Textures/T_Bush_N.uasset" 219
"../../../SpecterFront/Content/StarterContent/Props/Materials/M_Bush.uasset" 220
"../../../SpecterFront/Content/StarterContent/Props/SM_Bush.uasset" 221
"../../../SpecterFront/Content/StarterContent/Textures/T_Chair_M.uasset" 222
"../../../SpecterFront/Content/StarterContent/Textures/T_Chair_N.uasset" 223
"../../../SpecterFront/Content/StarterContent/Props/Materials/M_Chair.uasset" 224
"../../../SpecterFront/Content/StarterContent/Props/SM_Couch.uasset" 225
"../../../SpecterFront/Content/StarterContent/Materials/M_Glass.uasset" 226
"../../../SpecterFront/Content/StarterContent/Textures/T_Door_M.uasset" 227
"../../../SpecterFront/Content/StarterContent/Textures/T_Door_N.uasset" 228
"../../../SpecterFront/Content/StarterContent/Props/Materials/M_Door.uasset" 229
"../../../SpecterFront/Content/StarterContent/Props/SM_Door.uasset" 230
"../../../SpecterFront/Content/StarterContent/Props/Materials/M_MaterialSphere.uasset" 231
"../../../SpecterFront/Content/StarterContent/Props/Materials/M_MaterialSphere_Plain.uasset" 232
"../../../SpecterFront/Content/StarterContent/Props/SM_MatPreviewMesh_02.uasset" 233
"../../../Engine/Content/Functions/Engine_MaterialFunctions02/Utility/BlendAngleCorrectedNormals.uasset" 234
"../../../SpecterFront/Content/StarterContent/Textures/T_Detail_Rocky_N.uasset" 235
"../../../SpecterFront/Content/StarterContent/Textures/T_Rock_Basalt_D.uasset" 236
"../../../SpecterFront/Content/StarterContent/Textures/T_RockMesh_M.uasset" 237
"../../../SpecterFront/Content/StarterContent/Textures/T_RockMesh_N.uasset" 238
"../../../SpecterFront/Content/StarterContent/Props/Materials/M_Rock.uasset" 239
"../../../SpecterFront/Content/StarterContent/Props/SM_Rock.uasset" 240
"../../../SpecterFront/Content/StarterContent/Textures/T_Shelf_M.uasset" 241
"../../../SpecterFront/Content/StarterContent/Textures/T_Shelf_N.uasset" 242
"../../../SpecterFront/Content/StarterContent/Props/Materials/M_Shelf.uasset" 243
"../../../SpecterFront/Content/StarterContent/Props/SM_Shelf.uasset" 244
"../../../SpecterFront/Content/StarterContent/Materials/M_Basic_Floor.uasset" 245
"../../../SpecterFront/Content/StarterContent/Props/SM_Stairs.uasset" 246
"../../../SpecterFront/Content/StarterContent/Shapes/Shape_Cone.uasset" 247
"../../../SpecterFront/Content/StarterContent/Shapes/Shape_Cylinder.uasset" 248
"../../../SpecterFront/Content/StarterContent/Shapes/Shape_NarrowCapsule.uasset" 249
"../../../SpecterFront/Content/StarterContent/Shapes/Shape_Pipe.uasset" 250
"../../../SpecterFront/Content/StarterContent/Shapes/Shape_Pipe_180.uasset" 251
"../../../SpecterFront/Content/StarterContent/Shapes/Shape_Pipe_90.uasset" 252
"../../../SpecterFront/Content/StarterContent/Shapes/Shape_Plane.uasset" 253
"../../../SpecterFront/Content/StarterContent/Shapes/Shape_Torus.uasset" 254
"../../../SpecterFront/Content/StarterContent/Shapes/Shape_Trim.uasset" 255
"../../../SpecterFront/Content/StarterContent/Shapes/Shape_Trim_90_In.uasset" 256
"../../../SpecterFront/Content/StarterContent/Audio/Fire01_Cue.uasset" 257
"../../../SpecterFront/Content/StarterContent/Textures/T_Fire_SubUV.uasset" 258
"../../../SpecterFront/Content/StarterContent/Textures/T_Fire_Tiled_D.uasset" 259
"../../../SpecterFront/Content/StarterContent/Particles/Materials/M_Fire_SubUV.uasset" 260
"../../../SpecterFront/Content/StarterContent/Textures/T_Water_N.uasset" 261
"../../../SpecterFront/Content/StarterContent/Particles/Materials/M_Heat_Distortion.uasset" 262
"../../../SpecterFront/Content/StarterContent/Particles/Materials/M_Radial_Gradient.uasset" 263
"../../../SpecterFront/Content/StarterContent/Particles/P_Fire.uasset" 264
"../../../SpecterFront/Content/StarterContent/Blueprints/Blueprint_Effect_Fire.uasset" 265
"../../../SpecterFront/Content/StarterContent/Audio/Smoke01_Cue.uasset" 266
"../../../SpecterFront/Content/StarterContent/Particles/P_Smoke.uasset" 267
"../../../SpecterFront/Content/StarterContent/Blueprints/Blueprint_Effect_Smoke.uasset" 268
"../../../SpecterFront/Content/StarterContent/Audio/Fire_Sparks01_Cue.uasset" 269
"../../../SpecterFront/Content/StarterContent/Textures/T_Spark_Core.uasset" 270
"../../../SpecterFront/Content/StarterContent/Particles/Materials/M_Spark.uasset" 271
"../../../SpecterFront/Content/StarterContent/Particles/P_Sparks.uasset" 272
"../../../SpecterFront/Content/StarterContent/Blueprints/Blueprint_Effect_Sparks.uasset" 273
"../../../SpecterFront/Content/StarterContent/Audio/Steam01_Cue.uasset" 274
"../../../SpecterFront/Content/StarterContent/Particles/P_Steam_Lit.uasset" 275
"../../../SpecterFront/Content/StarterContent/Blueprints/Blueprint_Effect_Steam.uasset" 276
"../../../Engine/Content/EngineSky/C_Sky_Cloud_Color.uasset" 277
"../../../Engine/Content/EngineSky/C_Sky_Horizon_Color.uasset" 278
"../../../Engine/Content/EngineSky/C_Sky_Zenith_Color.uasset" 279
"../../../Engine/Content/EngineSky/T_Sky_Blue.uasset" 280
"../../../Engine/Content/EngineSky/T_Sky_Clouds_M.uasset" 281
"../../../Engine/Content/EngineSky/T_Sky_Stars.uasset" 282
"../../../Engine/Content/EngineSky/M_Sky_Panning_Clouds2.uasset" 283
"../../../Engine/Content/EngineSky/SM_SkySphere.uasset" 284
"../../../Engine/Content/EngineSky/BP_Sky_Sphere.uasset" 285
"../../../SpecterFront/Content/StarterContent/Textures/T_Lamp_M.uasset" 286
"../../../SpecterFront/Content/StarterContent/Textures/T_Lamp_N.uasset" 287
"../../../SpecterFront/Content/StarterContent/Props/Materials/M_Lamp.uasset" 288
"../../../SpecterFront/Content/StarterContent/Props/SM_Lamp_Ceiling.uasset" 289
"../../../SpecterFront/Content/StarterContent/Blueprints/Blueprint_CeilingLight.uasset" 290
"../../../SpecterFront/Content/StarterContent/Props/SM_Lamp_Wall.uasset" 291
"../../../SpecterFront/Content/StarterContent/Blueprints/Blueprint_WallSconce.uasset" 292
"../../../Engine/Content/Functions/Engine_MaterialFunctions03/Procedurals/ComputeFilterWidth.uasset" 293
"../../../Engine/Content/EngineMaterials/AntiAliasedTextMaterialTranslucent.uasset" 294
"../../../SpecterFront/Content/StarterContent/Textures/T_Brick_Clay_Beveled_D.uasset" 295
"../../../SpecterFront/Content/StarterContent/Textures/T_Brick_Clay_Beveled_M.uasset" 296
"../../../SpecterFront/Content/StarterContent/Textures/T_Brick_Clay_Beveled_N.uasset" 297
"../../../SpecterFront/Content/StarterContent/Textures/T_MacroVariation.uasset" 298
"../../../SpecterFront/Content/StarterContent/Materials/M_Brick_Clay_Beveled.uasset" 299
"../../../SpecterFront/Content/StarterContent/Textures/T_Brick_Clay_New_D.uasset" 300
"../../../SpecterFront/Content/StarterContent/Textures/T_Brick_Clay_New_M.uasset" 301
"../../../SpecterFront/Content/StarterContent/Textures/T_Brick_Clay_New_N.uasset" 302
"../../../SpecterFront/Content/StarterContent/Materials/M_Brick_Clay_New.uasset" 303
"../../../SpecterFront/Content/StarterContent/Textures/T_Brick_Clay_Old_D.uasset" 304
"../../../SpecterFront/Content/StarterContent/Textures/T_Brick_Clay_Old_N.uasset" 305
"../../../SpecterFront/Content/StarterContent/Textures/T_Perlin_Noise_M.uasset" 306
"../../../SpecterFront/Content/StarterContent/Materials/M_Brick_Clay_Old.uasset" 307
"../../../SpecterFront/Content/StarterContent/Textures/T_Brick_Cut_Stone_D.uasset" 308
"../../../SpecterFront/Content/StarterContent/Textures/T_Brick_Cut_Stone_N.uasset" 309
"../../../SpecterFront/Content/StarterContent/Materials/M_Brick_Cut_Stone.uasset" 310
"../../../SpecterFront/Content/StarterContent/Textures/T_Brick_Hewn_Stone_D.uasset" 311
"../../../SpecterFront/Content/StarterContent/Textures/T_Brick_Hewn_Stone_M.uasset" 312
"../../../SpecterFront/Content/StarterContent/Textures/T_Brick_Hewn_Stone_N.uasset" 313
"../../../SpecterFront/Content/StarterContent/Materials/M_Brick_Hewn_Stone.uasset" 314
"../../../SpecterFront/Content/StarterContent/Textures/T_Ceramic_Tile_M.uasset" 315
"../../../SpecterFront/Content/StarterContent/Textures/T_Ceramic_Tile_N.uasset" 316
"../../../SpecterFront/Content/StarterContent/Textures/T_Rock_Marble_Polished_D.uasset" 317
"../../../SpecterFront/Content/StarterContent/Materials/M_Ceramic_Tile_Checker.uasset" 318
"../../../SpecterFront/Content/StarterContent/Textures/T_CobbleStone_Pebble_D.uasset" 319
"../../../SpecterFront/Content/StarterContent/Textures/T_CobbleStone_Pebble_M.uasset" 320
"../../../SpecterFront/Content/StarterContent/Textures/T_CobbleStone_Pebble_N.uasset" 321
"../../../SpecterFront/Content/StarterContent/Materials/M_CobbleStone_Pebble.uasset" 322
"../../../SpecterFront/Content/StarterContent/Textures/T_CobbleStone_Rough_D.uasset" 323
"../../../SpecterFront/Content/StarterContent/Textures/T_CobbleStone_Rough_N.uasset" 324
"../../../SpecterFront/Content/StarterContent/Textures/T_Gradinet_01.uasset" 325
"../../../SpecterFront/Content/StarterContent/Textures/T_Rock_Smooth_Granite_D.uasset" 326
"../../../SpecterFront/Content/StarterContent/Materials/M_CobbleStone_Rough.uasset" 327
"../../../SpecterFront/Content/StarterContent/Textures/T_CobbleStone_Smooth_D.uasset" 328
"../../../SpecterFront/Content/StarterContent/Textures/T_CobbleStone_Smooth_M.uasset" 329
"../../../SpecterFront/Content/StarterContent/Textures/T_CobbleStone_Smooth_N.uasset" 330
"../../../SpecterFront/Content/StarterContent/Materials/M_CobbleStone_Smooth.uasset" 331
"../../../SpecterFront/Content/StarterContent/Textures/T_Concrete_Grime_D.uasset" 332
"../../../SpecterFront/Content/StarterContent/Textures/T_Metal_Rust_N.uasset" 333
"../../../SpecterFront/Content/StarterContent/Materials/M_Concrete_Grime.uasset" 334
"../../../SpecterFront/Content/StarterContent/Textures/T_Concrete_Panels_D.uasset" 335
"../../../SpecterFront/Content/StarterContent/Textures/T_Concrete_Panels_N.uasset" 336
"../../../SpecterFront/Content/StarterContent/Materials/M_Concrete_Panels.uasset" 337
"../../../SpecterFront/Content/StarterContent/Textures/T_Concrete_Poured_D.uasset" 338
"../../../SpecterFront/Content/StarterContent/Textures/T_Concrete_Poured_N.uasset" 339
"../../../SpecterFront/Content/StarterContent/Materials/M_Concrete_Poured.uasset" 340
"../../../SpecterFront/Content/StarterContent/Textures/T_Concrete_Tiles_D.uasset" 341
"../../../SpecterFront/Content/StarterContent/Textures/T_Concrete_Tiles_M.uasset" 342
"../../../SpecterFront/Content/StarterContent/Textures/T_Concrete_Tiles_N.uasset" 343
"../../../SpecterFront/Content/StarterContent/Textures/T_Concrete_Tiles_Variation_M.uasset" 344
"../../../SpecterFront/Content/StarterContent/Materials/M_Concrete_Tiles.uasset" 345
"../../../SpecterFront/Content/StarterContent/Textures/T_Ground_Grass_D.uasset" 346
"../../../SpecterFront/Content/StarterContent/Textures/T_Ground_Grass_N.uasset" 347
"../../../SpecterFront/Content/StarterContent/Materials/M_Ground_Grass.uasset" 348
"../../../SpecterFront/Content/StarterContent/Textures/T_Ground_Gravel_D.uasset" 349
"../../../SpecterFront/Content/StarterContent/Textures/T_Ground_Gravel_N.uasset" 350
"../../../SpecterFront/Content/StarterContent/Materials/M_Ground_Gravel.uasset" 351
"../../../SpecterFront/Content/StarterContent/Textures/T_ground_Moss_D.uasset" 352
"../../../SpecterFront/Content/StarterContent/Textures/T_Ground_Moss_N.uasset" 353
"../../../SpecterFront/Content/StarterContent/Materials/M_Ground_Moss.uasset" 354
"../../../SpecterFront/Content/StarterContent/Materials/M_Metal_Brushed_Nickel.uasset" 355
"../../../SpecterFront/Content/StarterContent/Textures/T_Metal_Aluminum_D.uasset" 356
"../../../SpecterFront/Content/StarterContent/Textures/T_Metal_Gold_N.uasset" 357
"../../../SpecterFront/Content/StarterContent/Materials/M_Metal_Burnished_Steel.uasset" 358
"../../../SpecterFront/Content/StarterContent/Materials/M_Metal_Chrome.uasset" 359
"../../../SpecterFront/Content/StarterContent/Textures/T_Metal_Copper_D.uasset" 360
"../../../SpecterFront/Content/StarterContent/Materials/M_Metal_Copper.uasset" 361
"../../../SpecterFront/Content/StarterContent/Textures/T_Metal_Gold_D.uasset" 362
"../../../SpecterFront/Content/StarterContent/Materials/M_Metal_Gold.uasset" 363
"../../../SpecterFront/Content/StarterContent/Textures/T_Metal_Rust_D.uasset" 364
"../../../SpecterFront/Content/StarterContent/Materials/M_Metal_Rust.uasset" 365
"../../../SpecterFront/Content/StarterContent/Textures/T_Metal_Steel_D.uasset" 366
"../../../SpecterFront/Content/StarterContent/Textures/T_Metal_Steel_N.uasset" 367
"../../../SpecterFront/Content/StarterContent/Materials/M_Metal_Steel.uasset" 368
"../../../SpecterFront/Content/StarterContent/Textures/T_Rock_Basalt_N.uasset" 369
"../../../SpecterFront/Content/StarterContent/Materials/M_Rock_Basalt.uasset" 370
"../../../SpecterFront/Content/StarterContent/Materials/M_Rock_Marble_Polished.uasset" 371
"../../../SpecterFront/Content/StarterContent/Textures/T_Rock_Sandstone_D.uasset" 372
"../../../SpecterFront/Content/StarterContent/Textures/T_Rock_Sandstone_N.uasset" 373
"../../../SpecterFront/Content/StarterContent/Materials/M_Rock_Sandstone.uasset" 374
"../../../SpecterFront/Content/StarterContent/Textures/T_Rock_Slate_D.uasset" 375
"../../../SpecterFront/Content/StarterContent/Textures/T_Rock_Slate_N.uasset" 376
"../../../SpecterFront/Content/StarterContent/Materials/M_Rock_Slate.uasset" 377
"../../../SpecterFront/Content/StarterContent/Textures/T_Checker_Noise_M.uasset" 378
"../../../SpecterFront/Content/StarterContent/Textures/T_Single_Tile_N.uasset" 379
"../../../SpecterFront/Content/StarterContent/Textures/T_Tech_Dot_M.uasset" 380
"../../../SpecterFront/Content/StarterContent/Textures/T_Tech_Dot_N.uasset" 381
"../../../SpecterFront/Content/StarterContent/Materials/M_Tech_Checker_Dot.uasset" 382
"../../../SpecterFront/Content/StarterContent/Textures/T_Tech_Hex_Tile_M.uasset" 383
"../../../SpecterFront/Content/StarterContent/Textures/T_Tech_Hex_Tile_N.uasset" 384
"../../../SpecterFront/Content/StarterContent/Materials/M_Tech_Hex_Tile.uasset" 385
"../../../SpecterFront/Content/StarterContent/Materials/M_Tech_Hex_Tile_Pulse.uasset" 386
"../../../SpecterFront/Content/StarterContent/Textures/T_Tech_Panel_M.uasset" 387
"../../../SpecterFront/Content/StarterContent/Textures/T_Tech_Panel_N.uasset" 388
"../../../SpecterFront/Content/StarterContent/Materials/M_Tech_Panel.uasset" 389
"../../../SpecterFront/Content/StarterContent/Materials/M_Water_Lake.uasset" 390
"../../../SpecterFront/Content/StarterContent/Textures/T_Water_M.uasset" 391
"../../../SpecterFront/Content/StarterContent/Materials/M_Water_Ocean.uasset" 392
"../../../SpecterFront/Content/StarterContent/Textures/T_Wood_Floor_Walnut_D.uasset" 393
"../../../SpecterFront/Content/StarterContent/Textures/T_Wood_Floor_Walnut_M.uasset" 394
"../../../SpecterFront/Content/StarterContent/Textures/T_Wood_Floor_Walnut_N.uasset" 395
"../../../SpecterFront/Content/StarterContent/Materials/M_Wood_Floor_Walnut_Polished.uasset" 396
"../../../Engine/Content/Functions/Engine_MaterialFunctions01/Opacity/AlphaOffset.uasset" 397
"../../../SpecterFront/Content/StarterContent/Materials/M_Wood_Floor_Walnut_Worn.uasset" 398
"../../../SpecterFront/Content/StarterContent/Textures/T_Wood_Oak_D.uasset" 399
"../../../SpecterFront/Content/StarterContent/Textures/T_Wood_Oak_N.uasset" 400
"../../../SpecterFront/Content/StarterContent/Materials/M_Wood_Oak.uasset" 401
"../../../SpecterFront/Content/StarterContent/Textures/T_Wood_Pine_D.uasset" 402
"../../../SpecterFront/Content/StarterContent/Textures/T_Wood_Pine_N.uasset" 403
"../../../SpecterFront/Content/StarterContent/Materials/M_Wood_Pine.uasset" 404
"../../../SpecterFront/Content/StarterContent/Textures/T_Wood_Walnut_D.uasset" 405
"../../../SpecterFront/Content/StarterContent/Textures/T_Wood_Walnut_N.uasset" 406
"../../../SpecterFront/Content/StarterContent/Materials/M_Wood_Walnut.uasset" 407
"../../../SpecterFront/Content/StarterContent/Architecture/Floor_400x400.uasset" 408
"../../../SpecterFront/Content/StarterContent/Architecture/Wall_400x200.uasset" 409
"../../../SpecterFront/Content/StarterContent/Architecture/Wall_Door_400x300.uasset" 410
"../../../SpecterFront/Content/StarterContent/Architecture/Wall_Window_400x300.uasset" 411
"../../../SpecterFront/Content/StarterContent/Audio/Collapse_Cue.uasset" 412
"../../../SpecterFront/Content/StarterContent/Audio/Starter_Background_Cue.uasset" 413
"../../../SpecterFront/Content/StarterContent/Audio/Starter_Music_Cue.uasset" 414
"../../../SpecterFront/Content/StarterContent/Textures/T_Dust_Particle_D.uasset" 415
"../../../SpecterFront/Content/StarterContent/Particles/Materials/M_Dust_Particle.uasset" 416
"../../../SpecterFront/Content/StarterContent/Particles/P_Ambient_Dust.uasset" 417
"../../../SpecterFront/Content/StarterContent/Props/MaterialSphere.uasset" 418
"../../../SpecterFront/Content/StarterContent/Props/SM_Chair.uasset" 419
"../../../SpecterFront/Content/StarterContent/Textures/T_Frame_M.uasset" 420
"../../../SpecterFront/Content/StarterContent/Textures/T_Frame_N.uasset" 421
"../../../SpecterFront/Content/StarterContent/Props/Materials/M_Frame.uasset" 422
"../../../SpecterFront/Content/StarterContent/Props/SM_CornerFrame.uasset" 423
"../../../SpecterFront/Content/StarterContent/Props/SM_DoorFrame.uasset" 424
"../../../SpecterFront/Content/StarterContent/Props/SM_GlassWindow.uasset" 425
"../../../SpecterFront/Content/StarterContent/Props/SM_PillarFrame.uasset" 426
"../../../SpecterFront/Content/StarterContent/Props/SM_PillarFrame300.uasset" 427
"../../../SpecterFront/Content/StarterContent/Textures/T_Statue_M.uasset" 428
"../../../SpecterFront/Content/StarterContent/Textures/T_Statue_N.uasset" 429
"../../../SpecterFront/Content/StarterContent/Props/Materials/M_Statue.uasset" 430
"../../../SpecterFront/Content/StarterContent/Props/Materials/M_StatueGlass.uasset" 431
"../../../SpecterFront/Content/StarterContent/Props/SM_Statue.uasset" 432
"../../../SpecterFront/Content/StarterContent/Textures/T_TableRound_M.uasset" 433
"../../../SpecterFront/Content/StarterContent/Textures/T_TableRound_N.uasset" 434
"../../../SpecterFront/Content/StarterContent/Props/Materials/M_TableRound.uasset" 435
"../../../SpecterFront/Content/StarterContent/Props/SM_TableRound.uasset" 436
"../../../SpecterFront/Content/StarterContent/Props/SM_WindowFrame.uasset" 437
"../../../SpecterFront/Content/StarterContent/Shapes/Shape_Cube.uasset" 438
"../../../SpecterFront/Content/StarterContent/Shapes/Shape_QuadPyramid.uasset" 439
"../../../SpecterFront/Content/StarterContent/Shapes/Shape_Sphere.uasset" 440
"../../../SpecterFront/Content/StarterContent/Maps/StarterMap.umap" 441
"../../../Engine/Content/EngineMaterials/DefaultNormal.uasset" 442
"../../../Engine/Content/Maps/Entry.umap" 443
"../../../SpecterFront/Content/Test/BluePrints/BP_EnemySpawner.uasset" 444
"../../../SpecterFront/Content/Cheracters/Enemies/Meshes/DefaultMaterial1.uasset" 445
"../../../SpecterFront/Content/Cheracters/Enemies/Meshes/daibutu.uasset" 446
"../../../SpecterFront/Content/BluePrints/Enemies/BP_Daibutu.uasset" 447
"../../../SpecterFront/Content/BluePrints/Enemies/BP_Lantern.uasset" 448
"../../../SpecterFront/Content/Test/BluePrints/BP_ActionPhaseManager.uasset" 449
"../../../SpecterFront/Content/Test/BluePrints/BP_ActionPhase.uasset" 450
"../../../Engine/Content/BasicShapes/BasicShapeMaterial.uasset" 451
"../../../Engine/Content/BasicShapes/Cube.uasset" 452
"../../../SpecterFront/Content/Test/Maps/Test_Sequencer.umap" 453
"../../../SpecterFront/Content/StarterContent/Maps/Minimal_Default.umap" 454
"../../../SpecterFront/Content/BluePrints/BP_TestMove_PingPong.uasset" 455
"../../../Engine/Content/MapTemplates/SM_Template_Map_Floor.uasset" 456
"../../../SpecterFront/Content/FirstPersonCPP/Maps/Untitled.umap" 457
"../../../SpecterFront/Content/StarterContent/Blueprints/Assets/FogBrightnessLUT.uasset" 458
"../../../SpecterFront/Content/StarterContent/Blueprints/Assets/SunlightColorLUT.uasset" 459
"../../../SpecterFront/Content/StarterContent/Blueprints/Assets/M_LightStage_Arrows.uasset" 460
"../../../Engine/Content/MapTemplates/Sky/DaylightAmbientCubemap.uasset" 461
"../../../SpecterFront/Content/StarterContent/Blueprints/Assets/M_LightStage_Skybox_Master.uasset" 462
"../../../SpecterFront/Content/StarterContent/Blueprints/Assets/M_LightStage_Skybox_Black.uasset" 463
"../../../SpecterFront/Content/StarterContent/Blueprints/Assets/M_LightStage_Skybox_HDRI.uasset" 464
"../../../Engine/Content/EditorMaterials/Thumbnails/SkySphereMaterial.uasset" 465
"../../../SpecterFront/Content/StarterContent/Blueprints/Assets/Skybox.uasset" 466
"../../../SpecterFront/Content/StarterContent/Blueprints/Assets/SM_Arrows.uasset" 467
"../../../SpecterFront/Content/StarterContent/HDRI/HDRI_Epic_Courtyard_Daylight.uasset" 468
"../../../SpecterFront/Content/StarterContent/Blueprints/BP_LightStudio.uasset" 469
"../../../SpecterFront/Content/StarterContent/Materials/M_AssetPlatform.uasset" 470
"../../../Engine/Content/EditorMeshes/ColorCalibrator/M_ChromeBall.uasset" 471
"../../../Engine/Content/EditorMeshes/ColorCalibrator/M_ClearCoat.uasset" 472
"../../../Engine/Content/EditorMeshes/ColorCalibrator/M_ClearCoatBlack.uasset" 473
"../../../Engine/Content/EditorMeshes/ColorCalibrator/M_ColorGrid.uasset" 474
"../../../Engine/Content/EditorMeshes/ColorCalibrator/M_GreyBall.uasset" 475
"../../../Engine/Content/EditorMeshes/ColorCalibrator/SM_ColorCalibrator.uasset" 476
"../../../SpecterFront/Content/StarterContent/Architecture/SM_AssetPlatform.uasset" 477
"../../../SpecterFront/Content/StarterContent/Maps/Advanced_Lighting.umap" 478
"../../../SpecterFront/Content/FirstPerson/Character/Mesh/SK_Mannequin_Arms_Skeleton.uasset" 479
"../../../SpecterFront/Content/FirstPerson/Animations/FirstPerson_Idle.uasset" 480
"../../../SpecterFront/Content/FirstPerson/Animations/FirstPerson_JumpEnd.uasset" 481
"../../../SpecterFront/Content/FirstPerson/Animations/FirstPerson_JumpLoop.uasset" 482
"../../../SpecterFront/Content/FirstPerson/Animations/FirstPerson_JumpStart.uasset" 483
"../../../SpecterFront/Content/FirstPerson/Animations/FirstPerson_Run.uasset" 484
"../../../SpecterFront/Content/FirstPerson/Animations/FirstPerson_AnimBP.uasset" 485
"../../../SpecterFront/Content/FirstPerson/Animations/FirstPerson_Fire.uasset" 486
"../../../SpecterFront/Content/FirstPerson/Animations/FirstPersonFire_Montage.uasset" 487
"../../../SpecterFront/Content/FirstPerson/Meshes/BaseMaterial.uasset" 488
"../../../SpecterFront/Content/FirstPerson/Meshes/FirstPersonProjectileMaterial.uasset" 489
"../../../SpecterFront/Content/FirstPerson/Meshes/FirstPersonProjectileMesh.uasset" 490
"../../../SpecterFront/Content/FirstPersonCPP/Blueprints/FirstPersonProjectile.uasset" 491
"../../../SpecterFront/Content/Test/BluePrints/MySplineActor.uasset" 492
"../../../SpecterFront/Content/FirstPerson/Audio/FirstPersonTemplateWeaponFire02.uasset" 493
"../../../Engine/Content/Functions/MaterialLayerFunctions/MatLayerBlend_NormalBlend.uasset" 494
"../../../Engine/Content/Functions/MaterialLayerFunctions/MatLayerBlend_Simple.uasset" 495
"../../../SpecterFront/Content/FirstPerson/Character/Materials/MaterialLayers/T_ML_Rubber_Blue_01_D.uasset" 496
"../../../SpecterFront/Content/FirstPerson/Character/Materials/MaterialLayers/T_ML_Rubber_Blue_01_N.uasset" 497
"../../../SpecterFront/Content/FirstPerson/Character/Materials/MaterialLayers/ML_GlossyBlack_Latex_UE4.uasset" 498
"../../../SpecterFront/Content/FirstPerson/Character/Materials/MaterialLayers/ML_Plastic_Shiny_Beige.uasset" 499
"../../../SpecterFront/Content/FirstPerson/Character/Textures/UE4_LOGO_CARD.uasset" 500
"../../../SpecterFront/Content/FirstPerson/Character/Materials/MaterialLayers/ML_Plastic_Shiny_Beige_LOGO.uasset" 501
"../../../SpecterFront/Content/FirstPerson/Character/Materials/MaterialLayers/T_ML_Aluminum01.uasset" 502
"../../../SpecterFront/Content/FirstPerson/Character/Materials/MaterialLayers/T_ML_Aluminum01_N.uasset" 503
"../../../SpecterFront/Content/FirstPerson/Character/Materials/MaterialLayers/ML_SoftMetal_UE4.uasset" 504
"../../../SpecterFront/Content/FirstPerson/Character/Textures/UE4_Mannequin__normals.uasset" 505
"../../../SpecterFront/Content/FirstPerson/Character/Textures/UE4_Mannequin_MAT_MASKA.uasset" 506
"../../../SpecterFront/Content/FirstPerson/Character/Materials/M_UE4Man_Body.uasset" 507
"../../../SpecterFront/Content/FirstPerson/Character/Mesh/SK_Mannequin_Arms_PhysicsAsset.uasset" 508
"../../../SpecterFront/Content/FirstPerson/Character/Mesh/SK_Mannequin_Arms.uasset" 509
"../../../SpecterFront/Content/FirstPerson/FPWeapon/Materials/MaterialLayers/T_ML_Rubber_Blue_01_D.uasset" 510
"../../../SpecterFront/Content/FirstPerson/FPWeapon/Materials/MaterialLayers/T_ML_Rubber_Blue_01_N.uasset" 511
"../../../SpecterFront/Content/FirstPerson/FPWeapon/Materials/MaterialLayers/ML_GlossyBlack_Latex_UE4.uasset" 512
"../../../SpecterFront/Content/FirstPerson/FPWeapon/Materials/MaterialLayers/ML_Plastic_Shiny_Beige.uasset" 513
"../../../SpecterFront/Content/FirstPerson/FPWeapon/Materials/MaterialLayers/ML_Screen.uasset" 514
"../../../SpecterFront/Content/FirstPerson/FPWeapon/Materials/MaterialLayers/T_ML_Aluminum01.uasset" 515
"../../../SpecterFront/Content/FirstPerson/FPWeapon/Materials/MaterialLayers/T_ML_Aluminum01_N.uasset" 516
"../../../SpecterFront/Content/FirstPerson/FPWeapon/Materials/MaterialLayers/ML_SoftMetal_UE4.uasset" 517
"../../../SpecterFront/Content/FirstPerson/FPWeapon/Textures/T_FPGun_M.uasset" 518
"../../../SpecterFront/Content/FirstPerson/FPWeapon/Textures/T_FPGun_N.uasset" 519
"../../../SpecterFront/Content/FirstPerson/FPWeapon/Materials/M_FPGun.uasset" 520
"../../../SpecterFront/Content/FirstPerson/FPWeapon/Mesh/SK_FPGun_Skeleton.uasset" 521
"../../../SpecterFront/Content/FirstPerson/FPWeapon/Mesh/SK_FPGun.uasset" 522
"../../../SpecterFront/Content/BluePrints/BP_Player.uasset" 523
"../../../SpecterFront/Content/FirstPerson/Textures/FirstPersonCrosshair.uasset" 524
"../../../SpecterFront/Content/BluePrints/UI/Reticle.uasset" 525
"../../../SpecterFront/Content/Blueprints/BP_GameMode.uasset" 526
"../../../SpecterFront/Content/Enviroments/Textures/T_Ground01.uasset" 527
"../../../SpecterFront/Content/Enviroments/Materials/M_Ground01.uasset" 528
"../../../SpecterFront/Content/FirstPerson/Meshes/CubeMaterialOverride.uasset" 529
"../../../SpecterFront/Content/Enviroments/Materials/T_BarkDecidious01.uasset" 530
"../../../SpecterFront/Content/Enviroments/Materials/T_BarkDecidious02.uasset" 531
"../../../SpecterFront/Content/Enviroments/Textures/T_threebark01.uasset" 532
"../../../SpecterFront/Content/Enviroments/Textures/T_threebark02.uasset" 533
"../../../SpecterFront/Content/Enviroments/Meshes/SK_Tree01.uasset" 534
"../../../SpecterFront/Content/Geometry/Meshes/1M_Cube.uasset" 535
"../../../SpecterFront/Content/FirstPersonCPP/Maps/FirstPersonExampleMap.umap" 536
"../../../SpecterFront/Content/Maps/TestMaps/Enemy.umap" 537
"../../../SpecterFront/Content/Maps/TestMaps/Test_Player.umap" 538
