"C:/Users/uxtuno/Documents/SpectorFront/SpecterFront.uproject" 1
"../../../Engine/Plugins/2D/Paper2D/Paper2D.uplugin" 2
"../../../Engine/Plugins/Blendables/LightPropagationVolume/LightPropagationVolume.uplugin" 3
"../../../Engine/Plugins/Developer/BlankPlugin/BlankPlugin.uplugin" 4
"../../../Engine/Plugins/Developer/CodeLiteSourceCodeAccess/CodeLiteSourceCodeAccess.uplugin" 5
"../../../Engine/Plugins/Developer/GitSourceControl/GitSourceControl.uplugin" 6
"../../../Engine/Plugins/Developer/KDevelopSourceCodeAccess/KDevelopSourceCodeAccess.uplugin" 7
"../../../Engine/Plugins/Developer/NullSourceCodeAccess/NullSourceCodeAccess.uplugin" 8
"../../../Engine/Plugins/Developer/OneSkyLocalizationService/OneSkyLocalizationService.uplugin" 9
"../../../Engine/Plugins/Developer/PerforceSourceControl/PerforceSourceControl.uplugin" 10
"../../../Engine/Plugins/Developer/SubversionSourceControl/SubversionSourceControl.uplugin" 11
"../../../Engine/Plugins/Developer/UObjectPlugin/UObjectPlugin.uplugin" 12
"../../../Engine/Plugins/Developer/VisualStudioSourceCodeAccess/VisualStudioSourceCodeAccess.uplugin" 13
"../../../Engine/Plugins/Developer/XCodeSourceCodeAccess/XCodeSourceCodeAccess.uplugin" 14
"../../../Engine/Plugins/Editor/EpicSurvey/EpicSurvey.uplugin" 15
"../../../Engine/Plugins/Editor/MacGraphicsSwitching/MacGraphicsSwitching.uplugin" 16
"../../../Engine/Plugins/Editor/PluginBrowser/PluginBrowser.uplugin" 17
"../../../Engine/Plugins/Editor/SpeedTreeImporter/SpeedTreeImporter.uplugin" 18
"../../../Engine/Plugins/Editor/SuperSearchEditor/SuperSearchEditor.uplugin" 19
"../../../Engine/Plugins/Experimental/BlueprintStats/BlueprintStats.uplugin" 20
"../../../Engine/Plugins/Experimental/CharacterAI/CharacterAI.uplugin" 21
"../../../Engine/Plugins/Experimental/CodeEditor/CodeEditor.uplugin" 22
"../../../Engine/Plugins/Experimental/CodeView/CodeView.uplugin" 23
"../../../Engine/Plugins/Experimental/HTML5Networking/HTML5Networking.uplugin" 24
"../../../Engine/Plugins/Experimental/LiveEditor/LiveEditor.uplugin" 25
"../../../Engine/Plugins/Experimental/OSVR/OSVR.uplugin" 26
"../../../Engine/Plugins/Experimental/Phya/Phya.uplugin" 27
"../../../Engine/Plugins/Experimental/SignificanceManager/SignificanceManager.uplugin" 28
"../../../Engine/Plugins/Experimental/SimpleHMD/SimpleHMD.uplugin" 29
"../../../Engine/Plugins/Experimental/StereoPanorama/StereoPanorama.uplugin" 30
"../../../Engine/Plugins/Experimental/StructBox/StructBox.uplugin" 31
"../../../Engine/Plugins/Media/AndroidMedia/AndroidMedia.uplugin" 32
"../../../Engine/Plugins/Media/AvfMedia/AvfMedia.uplugin" 33
"../../../Engine/Plugins/Media/MediaPlayerEditor/MediaPlayerEditor.uplugin" 34
"../../../Engine/Plugins/Media/WmfMedia/WmfMedia.uplugin" 35
"../../../Engine/Plugins/Messaging/MessagingDebugger/MessagingDebugger.uplugin" 36
"../../../Engine/Plugins/Messaging/UdpMessaging/UdpMessaging.uplugin" 37
"../../../Engine/Plugins/MovieScene/LevelSequenceEditor/LevelSequenceEditor.uplugin" 38
"../../../Engine/Plugins/MovieScene/MatineeToLevelSequence/MatineeToLevelSequence.uplugin" 39
"../../../Engine/Plugins/NetcodeUnitTest/NetcodeUnitTest/NetcodeUnitTest.uplugin" 40
"../../../Engine/Plugins/NetcodeUnitTest/NUTUnrealEngine4/NUTUnrealEngine4.uplugin" 41
"../../../Engine/Plugins/Runtime/Advertising/IOSTapJoy/IOSTapJoy.uplugin" 42
"../../../Engine/Plugins/Runtime/Analytics/AnalyticsBlueprintLibrary/AnalyticsBlueprintLibrary.uplugin" 43
"../../../Engine/Plugins/Runtime/Analytics/AnalyticsMulticast/AnalyticsMulticast.uplugin" 44
"../../../Engine/Plugins/Runtime/Analytics/Apsalar/Apsalar.uplugin" 45
"../../../Engine/Plugins/Runtime/Analytics/FileLogging/FileLogging.uplugin" 46
"../../../Engine/Plugins/Runtime/Analytics/Flurry/Flurry.uplugin" 47
"../../../Engine/Plugins/Runtime/AndroidDeviceProfileSelector/AndroidDeviceProfileSelector.uplugin" 48
"../../../Engine/Plugins/Runtime/AndroidMoviePlayer/AndroidMoviePlayer.uplugin" 49
"../../../Engine/Plugins/Runtime/AppleMoviePlayer/AppleMoviePlayer.uplugin" 50
"../../../Engine/Plugins/Runtime/ArchVisCharacter/ArchVisCharacter.uplugin" 51
"../../../Engine/Plugins/Runtime/CableComponent/CableComponent.uplugin" 52
"../../../Engine/Plugins/Runtime/CustomMeshComponent/CustomMeshComponent.uplugin" 53
"../../../Engine/Plugins/Runtime/ExampleDeviceProfileSelector/ExampleDeviceProfileSelector.uplugin" 54
"../../../Engine/Plugins/Runtime/GearVR/GearVR.uplugin" 55
"../../../Engine/Plugins/Runtime/GoogleVR/GoogleVRController/GoogleVRController.uplugin" 56
"../../../Engine/Plugins/Runtime/GoogleVR/GoogleVRHMD/GoogleVRHMD.uplugin" 57
"../../../Engine/Plugins/Runtime/IOSDeviceProfileSelector/IOSDeviceProfileSelector.uplugin" 58
"../../../Engine/Plugins/Runtime/LeapMotion/LeapMotion.uplugin" 59
"../../../Engine/Plugins/Runtime/LinuxDeviceProfileSelector/LinuxDeviceProfileSelector.uplugin" 60
"../../../Engine/Plugins/Runtime/LiveEditorListenServer/LiveEditorListenServer.uplugin" 61
"../../../Engine/Plugins/Runtime/OculusAudio/OculusAudio.uplugin" 62
"../../../Engine/Plugins/Runtime/OculusInput/OculusInput.uplugin" 63
"../../../Engine/Plugins/Runtime/OculusLibrary/OculusLibrary.uplugin" 64
"../../../Engine/Plugins/Runtime/OculusRift/OculusRift.uplugin" 65
"../../../Engine/Plugins/Runtime/PacketHandlers/CompressionComponents/Oodle/Oodle.uplugin" 66
"../../../Engine/Plugins/Runtime/ProceduralMeshComponent/ProceduralMeshComponent.uplugin" 67
"../../../Engine/Plugins/Runtime/SoundMod/SoundMod.uplugin" 68
"../../../Engine/Plugins/Runtime/SoundVisualizations/SoundVisualizations.uplugin" 69
"../../../Engine/Plugins/Runtime/Steam/SteamController/SteamController.uplugin" 70
"../../../Engine/Plugins/Runtime/Steam/SteamVR/SteamVR.uplugin" 71
"../../../Engine/Plugins/Runtime/WebBrowserWidget/WebBrowserWidget.uplugin" 72
"../../../Engine/Plugins/Runtime/WindowsDeviceProfileSelector/WindowsDeviceProfileSelector.uplugin" 73
"../../../Engine/Plugins/Runtime/WindowsMoviePlayer/WindowsMoviePlayer.uplugin" 74
"../../../Engine/Plugins/ScriptPlugin/ScriptPlugin.uplugin" 75
"../../../Engine/Plugins/Slate/SlateRemote/SlateRemote.uplugin" 76
"..\..\..\Engine\Content\Internationalization\icudt53l\cnvalias.icu" 77
"..\..\..\Engine\Content\Internationalization\icudt53l\res_index.res" 78
"..\..\..\Engine\Content\Internationalization\icudt53l\en_US_POSIX.res" 79
"..\..\..\Engine\Content\Internationalization\icudt53l\pool.res" 80
"..\..\..\Engine\Content\Internationalization\icudt53l\en_US.res" 81
"..\..\..\Engine\Content\Internationalization\icudt53l\en.res" 82
"..\..\..\Engine\Content\Internationalization\icudt53l\root.res" 83
"..\..\..\Engine\Content\Internationalization\icudt53l\lang\ja_JP.res" 84
"..\..\..\Engine\Content\Internationalization\icudt53l\lang\pool.res" 85
"..\..\..\Engine\Content\Internationalization\icudt53l\lang\ja.res" 86
"..\..\..\Engine\Content\Internationalization\icudt53l\lang\root.res" 87
"..\..\..\Engine\Content\Internationalization\icudt53l\region\ja_JP.res" 88
"..\..\..\Engine\Content\Internationalization\icudt53l\region\pool.res" 89
"..\..\..\Engine\Content\Internationalization\icudt53l\region\ja.res" 90
"..\..\..\Engine\Content\Internationalization\icudt53l\region\root.res" 91
"..\..\..\Engine\Content\Internationalization\icudt53l\lang\en.res" 92
"..\..\..\Engine\Content\Internationalization\icudt53l\region\en.res" 93
"..\..\..\Engine\Content\Internationalization\icudt53l\ja_JP.res" 94
"..\..\..\Engine\Content\Internationalization\icudt53l\ja.res" 95
"C:/Users/uxtuno/AppData/Local/UnrealEngine/4.12/Saved/Config/Windows/Manifest.ini" 96
"../../../Engine/Config/Base.ini" 97
"../../../Engine/Config/BaseEngine.ini" 98
"C:/Users/uxtuno/Documents/SpectorFront/Config/DefaultEngine.ini" 99
"../../../Engine/Config/Windows/WindowsEngine.ini" 100
"C:/Users/uxtuno/Documents/SpectorFront/Saved/Config/Windows/Engine.ini" 101
"../../../../../../Users/uxtuno/Documents/SpectorFront/Intermediate/Config/CoalescedSourceConfigs/Engine.ini" 102
"../../../Engine/Config/BaseGame.ini" 103
"C:/Users/uxtuno/Documents/SpectorFront/Config/DefaultGame.ini" 104
"C:/Users/uxtuno/Documents/SpectorFront/Saved/Config/Windows/Game.ini" 105
"../../../../../../Users/uxtuno/Documents/SpectorFront/Intermediate/Config/CoalescedSourceConfigs/Game.ini" 106
"../../../Engine/Config/BaseInput.ini" 107
"C:/Users/uxtuno/Documents/SpectorFront/Config/DefaultInput.ini" 108
"C:/Users/uxtuno/Documents/SpectorFront/Saved/Config/Windows/Input.ini" 109
"../../../../../../Users/uxtuno/Documents/SpectorFront/Intermediate/Config/CoalescedSourceConfigs/Input.ini" 110
"../../../Engine/Config/BaseEditor.ini" 111
"C:/Users/uxtuno/Documents/SpectorFront/Config/DefaultEditor.ini" 112
"C:/Users/uxtuno/Documents/SpectorFront/Saved/Config/Windows/Editor.ini" 113
"../../../../../../Users/uxtuno/Documents/SpectorFront/Intermediate/Config/CoalescedSourceConfigs/Editor.ini" 114
"../../../Engine/Config/BaseEditorPerProjectUserSettings.ini" 115
"C:/Users/uxtuno/Documents/SpectorFront/Config/DefaultEditorPerProjectUserSettings.ini" 116
"C:/Users/uxtuno/Documents/SpectorFront/Saved/Config/Windows/EditorPerProjectUserSettings.ini" 117
"../../../../../../Users/uxtuno/Documents/SpectorFront/Intermediate/Config/CoalescedSourceConfigs/EditorPerProjectUserSettings.ini" 118
"../../../Engine/Config/BaseEditorSettings.ini" 119
"C:/Users/uxtuno/AppData/Local/UnrealEngine/4.12/Saved/Config/Windows/EditorSettings.ini" 120
"../../../../../../Users/uxtuno/Documents/SpectorFront/Intermediate/Config/CoalescedSourceConfigs/EditorSettings.ini" 121
"../../../Engine/Config/BaseEditorLayout.ini" 122
"C:/Users/uxtuno/AppData/Local/UnrealEngine/4.12/Saved/Config/Windows/EditorLayout.ini" 123
"../../../../../../Users/uxtuno/Documents/SpectorFront/Intermediate/Config/CoalescedSourceConfigs/EditorLayout.ini" 124
"../../../Engine/Config/BaseEditorKeyBindings.ini" 125
"C:/Users/uxtuno/AppData/Local/UnrealEngine/4.12/Saved/Config/Windows/EditorKeyBindings.ini" 126
"../../../../../../Users/uxtuno/Documents/SpectorFront/Intermediate/Config/CoalescedSourceConfigs/EditorKeyBindings.ini" 127
"../../../Engine/Config/BaseCompat.ini" 128
"C:/Users/uxtuno/Documents/SpectorFront/Saved/Config/Windows/Compat.ini" 129
"../../../../../../Users/uxtuno/Documents/SpectorFront/Intermediate/Config/CoalescedSourceConfigs/Compat.ini" 130
"../../../Engine/Config/BaseLightmass.ini" 131
"C:/Users/uxtuno/Documents/SpectorFront/Saved/Config/Windows/Lightmass.ini" 132
"../../../../../../Users/uxtuno/Documents/SpectorFront/Intermediate/Config/CoalescedSourceConfigs/Lightmass.ini" 133
"../../../Engine/Config/BaseScalability.ini" 134
"C:/Users/uxtuno/Documents/SpectorFront/Saved/Config/Windows/Scalability.ini" 135
"../../../../../../Users/uxtuno/Documents/SpectorFront/Intermediate/Config/CoalescedSourceConfigs/Scalability.ini" 136
"../../../Engine/Config/BaseHardware.ini" 137
"C:/Users/uxtuno/Documents/SpectorFront/Saved/Config/Windows/Hardware.ini" 138
"../../../../../../Users/uxtuno/Documents/SpectorFront/Intermediate/Config/CoalescedSourceConfigs/Hardware.ini" 139
"C:/Users/uxtuno/Documents/SpectorFront/Saved/Config/Windows/GameUserSettings.ini" 140
"../../../../../../Users/uxtuno/Documents/SpectorFront/Intermediate/Config/CoalescedSourceConfigs/GameUserSettings.ini" 141
"../../../Engine/Config/BaseDeviceProfiles.ini" 142
"C:/Users/uxtuno/Documents/SpectorFront/Saved/Config/Windows/DeviceProfiles.ini" 143
"../../../../../../Users/uxtuno/Documents/SpectorFront/Intermediate/Config/CoalescedSourceConfigs/DeviceProfiles.ini" 144
"../../../Engine/Config/ConsoleVariables.ini" 145
"..\..\..\Engine\Content\Internationalization\icudt53l\ar.res" 146
"..\..\..\Engine\Content\Internationalization\icudt53l\lang\ar.res" 147
"..\..\..\Engine\Content\Internationalization\icudt53l\es.res" 148
"..\..\..\Engine\Content\Internationalization\icudt53l\lang\es.res" 149
"..\..\..\Engine\Content\Internationalization\icudt53l\ko.res" 150
"..\..\..\Engine\Content\Internationalization\icudt53l\lang\ko.res" 151
"..\..\..\Engine\Content\Internationalization\icudt53l\pt_BR.res" 152
"..\..\..\Engine\Content\Internationalization\icudt53l\pt.res" 153
"..\..\..\Engine\Content\Internationalization\icudt53l\lang\pt.res" 154
"..\..\..\Engine\Content\Internationalization\icudt53l\region\pt.res" 155
"..\..\..\Engine\Content\Internationalization\icudt53l\zh_CN.res" 156
"..\..\..\Engine\Content\Internationalization\icudt53l\zh_Hans_CN.res" 157
"..\..\..\Engine\Content\Internationalization\icudt53l\zh_Hans.res" 158
"..\..\..\Engine\Content\Internationalization\icudt53l\zh.res" 159
"..\..\..\Engine\Content\Internationalization\icudt53l\lang\zh_CN.res" 160
"..\..\..\Engine\Content\Internationalization\icudt53l\lang\zh_Hans_CN.res" 161
"..\..\..\Engine\Content\Internationalization\icudt53l\lang\zh_Hans.res" 162
"..\..\..\Engine\Content\Internationalization\icudt53l\lang\zh.res" 163
"..\..\..\Engine\Content\Internationalization\icudt53l\region\zh_CN.res" 164
"..\..\..\Engine\Content\Internationalization\icudt53l\region\zh_Hans_CN.res" 165
"..\..\..\Engine\Content\Internationalization\icudt53l\region\zh_Hans.res" 166
"..\..\..\Engine\Content\Internationalization\icudt53l\region\zh.res" 167
"C:/Program Files (x86)/Epic Games/4.12/Engine/Content/Localization/Engine/en/Engine.locres" 168
"C:/Program Files (x86)/Epic Games/4.12/Engine/Content/Localization/Editor/en/Editor.locres" 169
"C:/Program Files (x86)/Epic Games/4.12/Engine/Content/Localization/EditorTutorials/en/EditorTutorials.locres" 170
"C:/Program Files (x86)/Epic Games/4.12/Engine/Content/Localization/Keywords/en/Keywords.locres" 171
"C:/Program Files (x86)/Epic Games/4.12/Engine/Content/Localization/Category/en/Category.locres" 172
"C:/Program Files (x86)/Epic Games/4.12/Engine/Content/Localization/ToolTips/en/ToolTips.locres" 173
"C:/Program Files (x86)/Epic Games/4.12/Engine/Content/Localization/PropertyNames/en/PropertyNames.locres" 174
"../../../Engine/Content/Slate/Fonts/Roboto-Regular.ttf" 175
"../../../Engine/Content/Slate/Fonts/DroidSansMono.ttf" 176
"../../../Engine/Content/Slate/Fonts/Roboto-Bold.ttf" 177
"../../../Engine/Content/Slate/Fonts/Roboto-Light.ttf" 178
"C:/Program Files (x86)/Epic Games/4.12/Engine/Binaries/Win64/../../../Engine/Shaders/VectorFieldVisualizationVertexFactory.usf" 179
"C:/Program Files (x86)/Epic Games/4.12/Engine/Binaries/Win64/../../../Engine/Shaders/VertexFactoryCommon.usf" 180
"C:/Program Files (x86)/Epic Games/4.12/Engine/Binaries/Win64/../../../Engine/Shaders/Common.usf" 181
"C:/Program Files (x86)/Epic Games/4.12/Engine/Binaries/Win64/../../../Engine/Shaders/MetalCommon.usf" 182
"C:/Program Files (x86)/Epic Games/4.12/Engine/Binaries/Win64/../../../Engine/Shaders/VulkanCommon.usf" 183
"C:/Program Files (x86)/Epic Games/4.12/Engine/Binaries/Win64/../../../Engine/Shaders/ShaderVersion.usf" 184
"C:/Program Files (x86)/Epic Games/4.12/Engine/Binaries/Win64/../../../Engine/Shaders/CommonViewUniformBuffer.usf" 185
"C:/Program Files (x86)/Epic Games/4.12/Engine/Binaries/Win64/../../../Engine/Shaders/InstancedStereo.usf" 186
"C:/Program Files (x86)/Epic Games/4.12/Engine/Binaries/Win64/../../../Engine/Shaders/Definitions.usf" 187
"C:/Program Files (x86)/Epic Games/4.12/Engine/Binaries/Win64/../../../Engine/Shaders/Random.usf" 188
"C:/Program Files (x86)/Epic Games/4.12/Engine/Binaries/Win64/../../../Engine/Shaders/ParticleSpriteVertexFactory.usf" 189
"C:/Program Files (x86)/Epic Games/4.12/Engine/Binaries/Win64/../../../Engine/Shaders/ParticleVertexFactoryCommon.usf" 190
"C:/Program Files (x86)/Epic Games/4.12/Engine/Binaries/Win64/../../../Engine/Shaders/ParticleGPUSpriteVertexFactory.usf" 191
"C:/Program Files (x86)/Epic Games/4.12/Engine/Binaries/Win64/../../../Engine/Shaders/ParticleBeamTrailVertexFactory.usf" 192
"C:/Program Files (x86)/Epic Games/4.12/Engine/Binaries/Win64/../../../Engine/Shaders/MeshParticleVertexFactory.usf" 193
"C:/Program Files (x86)/Epic Games/4.12/Engine/Binaries/Win64/../../../Engine/Shaders/LocalVertexFactory.usf" 194
"C:/Program Files (x86)/Epic Games/4.12/Engine/Binaries/Win64/../../../Engine/Shaders/LocalVertexFactoryCommon.usf" 195
"C:/Program Files (x86)/Epic Games/4.12/Engine/Binaries/Win64/../../../Engine/Shaders/GpuSkinCommon.usf" 196
"C:/Program Files (x86)/Epic Games/4.12/Engine/Binaries/Win64/../../../Engine/Shaders/GpuSkinVertexFactory.usf" 197
"C:/Program Files (x86)/Epic Games/4.12/Engine/Binaries/Win64/../../../Engine/Shaders/LandscapeVertexFactory.usf" 198
"C:/Program Files (x86)/Epic Games/4.12/Engine/Binaries/Win64/../../../Engine/Shaders/SlateElementPixelShader.usf" 199
"C:/Program Files (x86)/Epic Games/4.12/Engine/Binaries/Win64/../../../Engine/Shaders/GammaCorrectionCommon.usf" 200
"C:/Program Files (x86)/Epic Games/4.12/Engine/Binaries/Win64/../../../Engine/Shaders/SlateShaderCommon.usf" 201
"C:/Program Files (x86)/Epic Games/4.12/Engine/Binaries/Win64/../../../Engine/Shaders/MaterialTemplate.usf" 202
"C:/Program Files (x86)/Epic Games/4.12/Engine/Binaries/Win64/../../../Engine/Shaders/DepthOfFieldCommon.usf" 203
"C:/Program Files (x86)/Epic Games/4.12/Engine/Binaries/Win64/../../../Engine/Shaders/CircleDOFCommon.usf" 204
"C:/Program Files (x86)/Epic Games/4.12/Engine/Binaries/Win64/../../../Engine/Shaders/GlobalDistanceFieldShared.usf" 205
"C:/Program Files (x86)/Epic Games/4.12/Engine/Binaries/Win64/../../../Engine/Shaders/SpeedTreeCommon.usf" 206
"C:/Program Files (x86)/Epic Games/4.12/Engine/Binaries/Win64/../../../Engine/Shaders/MinMaterialTexCoords.usf" 207
"C:/Program Files (x86)/Epic Games/4.12/Engine/Binaries/Win64/../../../Engine/Shaders/AtmosphereCommon.usf" 208
"C:/Program Files (x86)/Epic Games/4.12/Engine/Binaries/Win64/../../../Engine/Shaders/PaniniProjection.usf" 209
"C:/Program Files (x86)/Epic Games/4.12/Engine/Binaries/Win64/../../../Engine/Shaders/EyeAdaptationCommon.usf" 210
"C:/Program Files (x86)/Epic Games/4.12/Engine/Binaries/Win64/../../../Engine/Shaders/PostProcessCommon.usf" 211
"C:/Program Files (x86)/Epic Games/4.12/Engine/Binaries/Win64/../../../Engine/Shaders/DeferredShadingCommon.usf" 212
"C:/Program Files (x86)/Epic Games/4.12/Engine/Binaries/Win64/../../../Engine/Shaders/LightAccumulator.usf" 213
"C:/Program Files (x86)/Epic Games/4.12/Engine/Binaries/Win64/../../../Engine/Shaders/SlateVertexShader.usf" 214
"C:/Program Files (x86)/Epic Games/4.12/Engine/Binaries/Win64/../../../Engine/Shaders/VectorFieldCompositeShaders.usf" 215
"C:/Program Files (x86)/Epic Games/4.12/Engine/Binaries/Win64/../../../Engine/Shaders/UpdateTextureShaders.usf" 216
"C:/Program Files (x86)/Epic Games/4.12/Engine/Binaries/Win64/../../../Engine/Shaders/SimpleElementColorChannelMaskPixelShader.usf" 217
"C:/Program Files (x86)/Epic Games/4.12/Engine/Binaries/Win64/../../../Engine/Shaders/SimpleElementPixelShader.usf" 218
"C:/Program Files (x86)/Epic Games/4.12/Engine/Binaries/Win64/../../../Engine/Shaders/ColorUtils.usf" 219
"C:/Program Files (x86)/Epic Games/4.12/Engine/Binaries/Win64/../../../Engine/Shaders/IESLightProfilesCommon.usf" 220
"C:/Program Files (x86)/Epic Games/4.12/Engine/Binaries/Win64/../../../Engine/Shaders/SimpleElementHitProxyPixelShader.usf" 221
"C:/Program Files (x86)/Epic Games/4.12/Engine/Binaries/Win64/../../../Engine/Shaders/SimpleElementVertexShader.usf" 222
"C:/Program Files (x86)/Epic Games/4.12/Engine/Binaries/Win64/../../../Engine/Shaders/ScreenVertexShader.usf" 223
"C:/Program Files (x86)/Epic Games/4.12/Engine/Binaries/Win64/../../../Engine/Shaders/ScreenPixelShader.usf" 224
"C:/Program Files (x86)/Epic Games/4.12/Engine/Binaries/Win64/../../../Engine/Shaders/ParticleSortKeyGen.usf" 225
"C:/Program Files (x86)/Epic Games/4.12/Engine/Binaries/Win64/../../../Engine/Shaders/ParticleBoundsShader.usf" 226
"C:/Program Files (x86)/Epic Games/4.12/Engine/Binaries/Win64/../../../Engine/Shaders/ParticleSimVisualizeShader.usf" 227
"C:/Program Files (x86)/Epic Games/4.12/Engine/Binaries/Win64/../../../Engine/Shaders/ParticleInjectionShader.usf" 228
"C:/Program Files (x86)/Epic Games/4.12/Engine/Binaries/Win64/../../../Engine/Shaders/ParticleSimulationShader.usf" 229
"C:/Program Files (x86)/Epic Games/4.12/Engine/Binaries/Win64/../../../Engine/Shaders/ParticleCurveInjectionShader.usf" 230
"C:/Program Files (x86)/Epic Games/4.12/Engine/Binaries/Win64/../../../Engine/Shaders/RadixSortShaders.usf" 231
"C:/Program Files (x86)/Epic Games/4.12/Engine/Binaries/Win64/../../../Engine/Shaders/RecomputeTangentsPerVertexPass.usf" 232
"C:/Program Files (x86)/Epic Games/4.12/Engine/Binaries/Win64/../../../Engine/Shaders/RecomputeTangentsCommon.usf" 233
"C:/Program Files (x86)/Epic Games/4.12/Engine/Binaries/Win64/../../../Engine/Shaders/RecomputeTangentsPerTrianglePass.usf" 234
"C:/Program Files (x86)/Epic Games/4.12/Engine/Binaries/Win64/../../../Engine/Shaders/FastMath.usf" 235
"C:/Program Files (x86)/Epic Games/4.12/Engine/Binaries/Win64/../../../Engine/Shaders/GpuSkinCacheComputeShader.usf" 236
"C:/Program Files (x86)/Epic Games/4.12/Engine/Binaries/Win64/../../../Engine/Shaders/NullPixelShader.usf" 237
"C:/Program Files (x86)/Epic Games/4.12/Engine/Binaries/Win64/../../../Engine/Shaders/LandscapeGrassWeight.usf" 238
"C:/Program Files (x86)/Epic Games/4.12/Engine/Binaries/Win64/../../../Engine/Shaders/VertexDensityShader.usf" 239
"C:/Program Files (x86)/Epic Games/4.12/Engine/Binaries/Win64/../../../Engine/Shaders/VelocityShader.usf" 240
"C:/Program Files (x86)/Epic Games/4.12/Engine/Binaries/Win64/../../../Engine/Shaders/VelocityCommon.usf" 241
"C:/Program Files (x86)/Epic Games/4.12/Engine/Binaries/Win64/../../../Engine/Shaders/Tessellation.usf" 242
"C:/Program Files (x86)/Epic Games/4.12/Engine/Binaries/Win64/../../../Engine/Shaders/FlatTessellation.usf" 243
"C:/Program Files (x86)/Epic Games/4.12/Engine/Binaries/Win64/../../../Engine/Shaders/PNTriangles.usf" 244
"C:/Program Files (x86)/Epic Games/4.12/Engine/Binaries/Win64/../../../Engine/Shaders/TranslucentLightingShaders.usf" 245
"C:/Program Files (x86)/Epic Games/4.12/Engine/Binaries/Win64/../../../Engine/Shaders/SHCommon.usf" 246
"C:/Program Files (x86)/Epic Games/4.12/Engine/Binaries/Win64/../../../Engine/Shaders/ShadowProjectionCommon.usf" 247
"C:/Program Files (x86)/Epic Games/4.12/Engine/Binaries/Win64/../../../Engine/Shaders/CubemapCommon.usf" 248
"C:/Program Files (x86)/Epic Games/4.12/Engine/Binaries/Win64/../../../Engine/Shaders/TranslucentLightInjectionShaders.usf" 249
"C:/Program Files (x86)/Epic Games/4.12/Engine/Binaries/Win64/../../../Engine/Shaders/DynamicLightingCommon.usf" 250
"C:/Program Files (x86)/Epic Games/4.12/Engine/Binaries/Win64/../../../Engine/Shaders/LightFunctionCommon.usf" 251
"C:/Program Files (x86)/Epic Games/4.12/Engine/Binaries/Win64/../../../Engine/Shaders/TranslucentShadowDepthShaders.usf" 252
"C:/Program Files (x86)/Epic Games/4.12/Engine/Binaries/Win64/../../../Engine/Shaders/ShadowDepthCommon.usf" 253
"C:/Program Files (x86)/Epic Games/4.12/Engine/Binaries/Win64/../../../Engine/Shaders/TiledDeferredLightShaders.usf" 254
"C:/Program Files (x86)/Epic Games/4.12/Engine/Binaries/Win64/../../../Engine/Shaders/DeferredLightingCommon.usf" 255
"C:/Program Files (x86)/Epic Games/4.12/Engine/Binaries/Win64/../../../Engine/Shaders/BRDF.usf" 256
"C:/Program Files (x86)/Epic Games/4.12/Engine/Binaries/Win64/../../../Engine/Shaders/MonteCarlo.usf" 257
"C:/Program Files (x86)/Epic Games/4.12/Engine/Binaries/Win64/../../../Engine/Shaders/ShadingModels.usf" 258
"C:/Program Files (x86)/Epic Games/4.12/Engine/Binaries/Win64/../../../Engine/Shaders/SurfelTree.usf" 259
"C:/Program Files (x86)/Epic Games/4.12/Engine/Binaries/Win64/../../../Engine/Shaders/DistanceFieldLightingShared.usf" 260
"C:/Program Files (x86)/Epic Games/4.12/Engine/Binaries/Win64/../../../Engine/Shaders/SurfelMaterialShared.usf" 261
"C:/Program Files (x86)/Epic Games/4.12/Engine/Binaries/Win64/../../../Engine/Shaders/DistanceFieldAOShared.usf" 262
"C:/Program Files (x86)/Epic Games/4.12/Engine/Binaries/Win64/../../../Engine/Shaders/ShadowProjectionPixelShader.usf" 263
"C:/Program Files (x86)/Epic Games/4.12/Engine/Binaries/Win64/../../../Engine/Shaders/ShadowFilteringCommon.usf" 264
"C:/Program Files (x86)/Epic Games/4.12/Engine/Binaries/Win64/../../../Engine/Shaders/ShadowProjectionVertexShader.usf" 265
"C:/Program Files (x86)/Epic Games/4.12/Engine/Binaries/Win64/../../../Engine/Shaders/ShadowDepthPixelShader.usf" 266
"C:/Program Files (x86)/Epic Games/4.12/Engine/Binaries/Win64/../../../Engine/Shaders/LPVWriteVplCommon.usf" 267
"C:/Program Files (x86)/Epic Games/4.12/Engine/Binaries/Win64/../../../Engine/Shaders/LPVWriteCommon.usf" 268
"C:/Program Files (x86)/Epic Games/4.12/Engine/Binaries/Win64/../../../Engine/Shaders/LPVCommon.usf" 269
"C:/Program Files (x86)/Epic Games/4.12/Engine/Binaries/Win64/../../../Engine/Shaders/ShadowDepthVertexShader.usf" 270
"C:/Program Files (x86)/Epic Games/4.12/Engine/Binaries/Win64/../../../Engine/Shaders/QuadComplexityAccumulatePixelShader.usf" 271
"C:/Program Files (x86)/Epic Games/4.12/Engine/Binaries/Win64/../../../Engine/Shaders/QuadOverdraw.usf" 272
"C:/Program Files (x86)/Epic Games/4.12/Engine/Binaries/Win64/../../../Engine/Shaders/DebugViewModeCommon.usf" 273
"C:/Program Files (x86)/Epic Games/4.12/Engine/Binaries/Win64/../../../Engine/Shaders/ShaderComplexityAccumulatePixelShader.usf" 274
"C:/Program Files (x86)/Epic Games/4.12/Engine/Binaries/Win64/../../../Engine/Shaders/HZBOcclusion.usf" 275
"C:/Program Files (x86)/Epic Games/4.12/Engine/Binaries/Win64/../../../Engine/Shaders/OcclusionQueryVertexShader.usf" 276
"C:/Program Files (x86)/Epic Games/4.12/Engine/Binaries/Win64/../../../Engine/Shaders/HitProxyPixelShader.usf" 277
"C:/Program Files (x86)/Epic Games/4.12/Engine/Binaries/Win64/../../../Engine/Shaders/HitProxyVertexShader.usf" 278
"C:/Program Files (x86)/Epic Games/4.12/Engine/Binaries/Win64/../../../Engine/Shaders/ReflectionEnvironmentShaders.usf" 279
"C:/Program Files (x86)/Epic Games/4.12/Engine/Binaries/Win64/../../../Engine/Shaders/ReflectionEnvironmentShared.usf" 280
"C:/Program Files (x86)/Epic Games/4.12/Engine/Binaries/Win64/../../../Engine/Shaders/SkyLightingShared.usf" 281
"C:/Program Files (x86)/Epic Games/4.12/Engine/Binaries/Win64/../../../Engine/Shaders/ReflectionEnvironmentComputeShaders.usf" 282
"C:/Program Files (x86)/Epic Games/4.12/Engine/Binaries/Win64/../../../Engine/Shaders/PrimitiveDistanceAccuracyPixelShader.usf" 283
"C:/Program Files (x86)/Epic Games/4.12/Engine/Binaries/Win64/../../../Engine/Shaders/PreCullTriangles.usf" 284
"C:/Program Files (x86)/Epic Games/4.12/Engine/Binaries/Win64/../../../Engine/Shaders/VisualizeTexture.usf" 285
"C:/Program Files (x86)/Epic Games/4.12/Engine/Binaries/Win64/../../../Engine/Shaders/VisualizeShadingModels.usf" 286
"C:/Program Files (x86)/Epic Games/4.12/Engine/Binaries/Win64/../../../Engine/Shaders/PostProcessHistogramCommon.usf" 287
"C:/Program Files (x86)/Epic Games/4.12/Engine/Binaries/Win64/../../../Engine/Shaders/ScreenSpaceReflections.usf" 288
"C:/Program Files (x86)/Epic Games/4.12/Engine/Binaries/Win64/../../../Engine/Shaders/ScreenSpaceRayCast.usf" 289
"C:/Program Files (x86)/Epic Games/4.12/Engine/Binaries/Win64/../../../Engine/Shaders/FilterVertexShader.usf" 290
"C:/Program Files (x86)/Epic Games/4.12/Engine/Binaries/Win64/../../../Engine/Shaders/FilterPixelShader.usf" 291
"C:/Program Files (x86)/Epic Games/4.12/Engine/Binaries/Win64/../../../Engine/Shaders/PostProcessVisualizeHDR.usf" 292
"C:/Program Files (x86)/Epic Games/4.12/Engine/Binaries/Win64/../../../Engine/Shaders/TonemapCommon.usf" 293
"C:/Program Files (x86)/Epic Games/4.12/Engine/Binaries/Win64/../../../Engine/Shaders/ACES.usf" 294
"C:/Program Files (x86)/Epic Games/4.12/Engine/Binaries/Win64/../../../Engine/Shaders/MiniFontCommon.usf" 295
"C:/Program Files (x86)/Epic Games/4.12/Engine/Binaries/Win64/../../../Engine/Shaders/ShaderComplexityApplyPixelShader.usf" 296
"C:/Program Files (x86)/Epic Games/4.12/Engine/Binaries/Win64/../../../Engine/Shaders/PostProcessVisualizeBuffer.usf" 297
"C:/Program Files (x86)/Epic Games/4.12/Engine/Binaries/Win64/../../../Engine/Shaders/PostProcessUpscale.usf" 298
"C:/Program Files (x86)/Epic Games/4.12/Engine/Binaries/Win64/../../../Engine/Shaders/PostProcessTonemap.usf" 299
"C:/Program Files (x86)/Epic Games/4.12/Engine/Binaries/Win64/../../../Engine/Shaders/PostProcessTestImage.usf" 300
"C:/Program Files (x86)/Epic Games/4.12/Engine/Binaries/Win64/../../../Engine/Shaders/PostProcessTemporalAA.usf" 301
"C:/Program Files (x86)/Epic Games/4.12/Engine/Binaries/Win64/../../../Engine/Shaders/PostProcessTemporalCommon.usf" 302
"C:/Program Files (x86)/Epic Games/4.12/Engine/Binaries/Win64/../../../Engine/Shaders/PostProcessSubsurface.usf" 303
"C:/Program Files (x86)/Epic Games/4.12/Engine/Binaries/Win64/../../../Engine/Shaders/SeparableSSS.usf" 304
"C:/Program Files (x86)/Epic Games/4.12/Engine/Binaries/Win64/../../../Engine/Shaders/PostProcessSelectionOutline.usf" 305
"C:/Program Files (x86)/Epic Games/4.12/Engine/Binaries/Win64/../../../Engine/Shaders/PostProcessNoiseBlur.usf" 306
"C:/Program Files (x86)/Epic Games/4.12/Engine/Binaries/Win64/../../../Engine/Shaders/PostProcessMotionBlur.usf" 307
"C:/Program Files (x86)/Epic Games/4.12/Engine/Binaries/Win64/../../../Engine/Shaders/PostProcessVelocityFlatten.usf" 308
"C:/Program Files (x86)/Epic Games/4.12/Engine/Binaries/Win64/../../../Engine/Shaders/PostProcessMobile.usf" 309
"C:/Program Files (x86)/Epic Games/4.12/Engine/Binaries/Win64/../../../Engine/Shaders/PostProcessMaterialShaders.usf" 310
"C:/Program Files (x86)/Epic Games/4.12/Engine/Binaries/Win64/../../../Engine/Shaders/PostProcessLensFlares.usf" 311
"C:/Program Files (x86)/Epic Games/4.12/Engine/Binaries/Win64/../../../Engine/Shaders/PostProcessLensBlur.usf" 312
"C:/Program Files (x86)/Epic Games/4.12/Engine/Binaries/Win64/../../../Engine/Shaders/PostProcessBloom.usf" 313
"C:/Program Files (x86)/Epic Games/4.12/Engine/Binaries/Win64/../../../Engine/Shaders/PostProcessHMD.usf" 314
"C:/Program Files (x86)/Epic Games/4.12/Engine/Binaries/Win64/../../../Engine/Shaders/PostProcessHistogramReduce.usf" 315
"C:/Program Files (x86)/Epic Games/4.12/Engine/Binaries/Win64/../../../Engine/Shaders/PostProcessHistogram.usf" 316
"C:/Program Files (x86)/Epic Games/4.12/Engine/Binaries/Win64/../../../Engine/Shaders/PostProcessHierarchical.usf" 317
"C:/Program Files (x86)/Epic Games/4.12/Engine/Binaries/Win64/../../../Engine/Shaders/PostProcessGBufferHints.usf" 318
"C:/Program Files (x86)/Epic Games/4.12/Engine/Binaries/Win64/../../../Engine/Shaders/PostProcessEyeAdaptation.usf" 319
"C:/Program Files (x86)/Epic Games/4.12/Engine/Binaries/Win64/../../../Engine/Shaders/PostProcessDownsample.usf" 320
"C:/Program Files (x86)/Epic Games/4.12/Engine/Binaries/Win64/../../../Engine/Shaders/PostProcessDOF.usf" 321
"C:/Program Files (x86)/Epic Games/4.12/Engine/Binaries/Win64/../../../Engine/Shaders/PostProcessCompositeEditorPrimitives.usf" 322
"C:/Program Files (x86)/Epic Games/4.12/Engine/Binaries/Win64/../../../Engine/Shaders/PostProcessCombineLUTs.usf" 323
"C:/Program Files (x86)/Epic Games/4.12/Engine/Binaries/Win64/../../../Engine/Shaders/PostProcessCircleDOF.usf" 324
"C:/Program Files (x86)/Epic Games/4.12/Engine/Binaries/Win64/../../../Engine/Shaders/PostProcessBusyWait.usf" 325
"C:/Program Files (x86)/Epic Games/4.12/Engine/Binaries/Win64/../../../Engine/Shaders/PostProcessPassThrough.usf" 326
"C:/Program Files (x86)/Epic Games/4.12/Engine/Binaries/Win64/../../../Engine/Shaders/PostProcessBokehDOF.usf" 327
"C:/Program Files (x86)/Epic Games/4.12/Engine/Binaries/Win64/../../../Engine/Shaders/SeparateTranslucency.usf" 328
"C:/Program Files (x86)/Epic Games/4.12/Engine/Binaries/Win64/../../../Engine/Shaders/PostProcessVisualizeDOF.usf" 329
"C:/Program Files (x86)/Epic Games/4.12/Engine/Binaries/Win64/../../../Engine/Shaders/FXAAShader.usf" 330
"C:/Program Files (x86)/Epic Games/4.12/Engine/Binaries/Win64/../../../Engine/Shaders/Fxaa3_11.usf" 331
"C:/Program Files (x86)/Epic Games/4.12/Engine/Binaries/Win64/../../../Engine/Shaders/PlanarReflectionShaders.usf" 332
"C:/Program Files (x86)/Epic Games/4.12/Engine/Binaries/Win64/../../../Engine/Shaders/PlanarReflectionShared.usf" 333
"C:/Program Files (x86)/Epic Games/4.12/Engine/Binaries/Win64/../../../Engine/Shaders/MeshTexCoordSizeAccuracyPixelShader.usf" 334
"C:/Program Files (x86)/Epic Games/4.12/Engine/Binaries/Win64/../../../Engine/Shaders/MaterialTexCoordScalesPixelShader.usf" 335
"C:/Program Files (x86)/Epic Games/4.12/Engine/Binaries/Win64/../../../Engine/Shaders/LightShaftShader.usf" 336
"C:/Program Files (x86)/Epic Games/4.12/Engine/Binaries/Win64/../../../Engine/Shaders/StationaryLightOverlapShaders.usf" 337
"C:/Program Files (x86)/Epic Games/4.12/Engine/Binaries/Win64/../../../Engine/Shaders/DeferredLightPixelShaders.usf" 338
"C:/Program Files (x86)/Epic Games/4.12/Engine/Binaries/Win64/../../../Engine/Shaders/DeferredLightVertexShaders.usf" 339
"C:/Program Files (x86)/Epic Games/4.12/Engine/Binaries/Win64/../../../Engine/Shaders/LPVVisualise.usf" 340
"C:/Program Files (x86)/Epic Games/4.12/Engine/Binaries/Win64/../../../Engine/Shaders/LPVGeometryVolumeCommon.usf" 341
"C:/Program Files (x86)/Epic Games/4.12/Engine/Binaries/Win64/../../../Engine/Shaders/LPVDirectLightInject.usf" 342
"C:/Program Files (x86)/Epic Games/4.12/Engine/Binaries/Win64/../../../Engine/Shaders/LPVPropagate.usf" 343
"C:/Program Files (x86)/Epic Games/4.12/Engine/Binaries/Win64/../../../Engine/Shaders/LPVPacking.usf" 344
"C:/Program Files (x86)/Epic Games/4.12/Engine/Binaries/Win64/../../../Engine/Shaders/LPVBuildGeometryVolume.usf" 345
"C:/Program Files (x86)/Epic Games/4.12/Engine/Binaries/Win64/../../../Engine/Shaders/LpvDirectionalOcclusion.usf" 346
"C:/Program Files (x86)/Epic Games/4.12/Engine/Binaries/Win64/../../../Engine/Shaders/LPVInject_AccumulateVplLists.usf" 347
"C:/Program Files (x86)/Epic Games/4.12/Engine/Binaries/Win64/../../../Engine/Shaders/LPVInject_GenerateVplLists.usf" 348
"C:/Program Files (x86)/Epic Games/4.12/Engine/Binaries/Win64/../../../Engine/Shaders/LPVClearLists.usf" 349
"C:/Program Files (x86)/Epic Games/4.12/Engine/Binaries/Win64/../../../Engine/Shaders/LPVClear.usf" 350
"C:/Program Files (x86)/Epic Games/4.12/Engine/Binaries/Win64/../../../Engine/Shaders/LightMapDensityShader.usf" 351
"C:/Program Files (x86)/Epic Games/4.12/Engine/Binaries/Win64/../../../Engine/Shaders/LightFunctionPixelShader.usf" 352
"C:/Program Files (x86)/Epic Games/4.12/Engine/Binaries/Win64/../../../Engine/Shaders/LightFunctionVertexShader.usf" 353
"C:/Program Files (x86)/Epic Games/4.12/Engine/Binaries/Win64/../../../Engine/Shaders/HeightfieldLighting.usf" 354
"C:/Program Files (x86)/Epic Games/4.12/Engine/Binaries/Win64/../../../Engine/Shaders/DistanceFieldShadowingShared.usf" 355
"C:/Program Files (x86)/Epic Games/4.12/Engine/Binaries/Win64/../../../Engine/Shaders/HeightfieldLightingShared.usf" 356
"C:/Program Files (x86)/Epic Games/4.12/Engine/Binaries/Win64/../../../Engine/Shaders/HdrCustomResolveShaders.usf" 357
"C:/Program Files (x86)/Epic Games/4.12/Engine/Binaries/Win64/../../../Engine/Shaders/GPUBenchmark.usf" 358
"C:/Program Files (x86)/Epic Games/4.12/Engine/Binaries/Win64/../../../Engine/Shaders/GlobalDistanceField.usf" 359
"C:/Program Files (x86)/Epic Games/4.12/Engine/Binaries/Win64/../../../Engine/Shaders/GammaCorrection.usf" 360
"C:/Program Files (x86)/Epic Games/4.12/Engine/Binaries/Win64/../../../Engine/Shaders/BasePassForForwardShadingPixelShader.usf" 361
"C:/Program Files (x86)/Epic Games/4.12/Engine/Binaries/Win64/../../../Engine/Shaders/BasePassForForwardShadingCommon.usf" 362
"C:/Program Files (x86)/Epic Games/4.12/Engine/Binaries/Win64/../../../Engine/Shaders/LightmapCommon.usf" 363
"C:/Program Files (x86)/Epic Games/4.12/Engine/Binaries/Win64/../../../Engine/Shaders/BasePassForForwardShadingVertexShader.usf" 364
"C:/Program Files (x86)/Epic Games/4.12/Engine/Binaries/Win64/../../../Engine/Shaders/HeightFogCommon.usf" 365
"C:/Program Files (x86)/Epic Games/4.12/Engine/Binaries/Win64/../../../Engine/Shaders/HeightFogPixelShader.usf" 366
"C:/Program Files (x86)/Epic Games/4.12/Engine/Binaries/Win64/../../../Engine/Shaders/HeightFogVertexShader.usf" 367
"C:/Program Files (x86)/Epic Games/4.12/Engine/Binaries/Win64/../../../Engine/Shaders/DistortAccumulatePS.usf" 368
"C:/Program Files (x86)/Epic Games/4.12/Engine/Binaries/Win64/../../../Engine/Shaders/DistortAccumulateVS.usf" 369
"C:/Program Files (x86)/Epic Games/4.12/Engine/Binaries/Win64/../../../Engine/Shaders/DistortApplyScreenPS.usf" 370
"C:/Program Files (x86)/Epic Games/4.12/Engine/Binaries/Win64/../../../Engine/Shaders/DistanceFieldSurfaceCacheLighting.usf" 371
"C:/Program Files (x86)/Epic Games/4.12/Engine/Binaries/Win64/../../../Engine/Shaders/SkyLighting.usf" 372
"C:/Program Files (x86)/Epic Games/4.12/Engine/Binaries/Win64/../../../Engine/Shaders/DistanceFieldSurfaceCacheLightingCompute.usf" 373
"C:/Program Files (x86)/Epic Games/4.12/Engine/Binaries/Win64/../../../Engine/Shaders/DistanceFieldSpecularOcclusion.usf" 374
"C:/Program Files (x86)/Epic Games/4.12/Engine/Binaries/Win64/../../../Engine/Shaders/DistanceFieldShadowing.usf" 375
"C:/Program Files (x86)/Epic Games/4.12/Engine/Binaries/Win64/../../../Engine/Shaders/DistanceFieldScreenGridLighting.usf" 376
"C:/Program Files (x86)/Epic Games/4.12/Engine/Binaries/Win64/../../../Engine/Shaders/DistanceFieldLightingPost.usf" 377
"C:/Program Files (x86)/Epic Games/4.12/Engine/Binaries/Win64/../../../Engine/Shaders/DistanceFieldGlobalIllumination.usf" 378
"C:/Program Files (x86)/Epic Games/4.12/Engine/Binaries/Win64/../../../Engine/Shaders/DepthOnlyPixelShader.usf" 379
"C:/Program Files (x86)/Epic Games/4.12/Engine/Binaries/Win64/../../../Engine/Shaders/DepthOnlyVertexShader.usf" 380
"C:/Program Files (x86)/Epic Games/4.12/Engine/Binaries/Win64/../../../Engine/Shaders/PositionOnlyDepthVertexShader.usf" 381
"C:/Program Files (x86)/Epic Games/4.12/Engine/Binaries/Win64/../../../Engine/Shaders/DownsampleDepthPixelShader.usf" 382
"C:/Program Files (x86)/Epic Games/4.12/Engine/Binaries/Win64/../../../Engine/Shaders/DitheredTransitionStencil.usf" 383
"C:/Program Files (x86)/Epic Games/4.12/Engine/Binaries/Win64/../../../Engine/Shaders/DeferredDecal.usf" 384
"C:/Program Files (x86)/Epic Games/4.12/Engine/Binaries/Win64/../../../Engine/Shaders/MissingShaderPixelShader.usf" 385
"C:/Program Files (x86)/Epic Games/4.12/Engine/Binaries/Win64/../../../Engine/Shaders/DebugviewModeVertexShader.usf" 386
"C:/Program Files (x86)/Epic Games/4.12/Engine/Binaries/Win64/../../../Engine/Shaders/EvaluateSurfelMaterial.usf" 387
"C:/Program Files (x86)/Epic Games/4.12/Engine/Binaries/Win64/../../../Engine/Shaders/ConvertToUniformMesh.usf" 388
"C:/Program Files (x86)/Epic Games/4.12/Engine/Binaries/Win64/../../../Engine/Shaders/PostProcessLpvIndirect.usf" 389
"C:/Program Files (x86)/Epic Games/4.12/Engine/Binaries/Win64/../../../Engine/Shaders/LPVFinalPass.usf" 390
"C:/Program Files (x86)/Epic Games/4.12/Engine/Binaries/Win64/../../../Engine/Shaders/PostProcessAmbientOcclusion.usf" 391
"C:/Program Files (x86)/Epic Games/4.12/Engine/Binaries/Win64/../../../Engine/Shaders/PostProcessAmbient.usf" 392
"C:/Program Files (x86)/Epic Games/4.12/Engine/Binaries/Win64/../../../Engine/Shaders/CapsuleShadowShaders.usf" 393
"C:/Program Files (x86)/Epic Games/4.12/Engine/Binaries/Win64/../../../Engine/Shaders/BasePassPixelShader.usf" 394
"C:/Program Files (x86)/Epic Games/4.12/Engine/Binaries/Win64/../../../Engine/Shaders/BasePassCommon.usf" 395
"C:/Program Files (x86)/Epic Games/4.12/Engine/Binaries/Win64/../../../Engine/Shaders/ForEachLight.usf" 396
"C:/Program Files (x86)/Epic Games/4.12/Engine/Binaries/Win64/../../../Engine/Shaders/BasePassVertexShader.usf" 397
"C:/Program Files (x86)/Epic Games/4.12/Engine/Binaries/Win64/../../../Engine/Shaders/BasePassVertexCommon.usf" 398
"C:/Program Files (x86)/Epic Games/4.12/Engine/Binaries/Win64/../../../Engine/Shaders/BasePassTessellationShaders.usf" 399
"C:/Program Files (x86)/Epic Games/4.12/Engine/Binaries/Win64/../../../Engine/Shaders/AtmospherePrecomputeInscatter.usf" 400
"C:/Program Files (x86)/Epic Games/4.12/Engine/Binaries/Win64/../../../Engine/Shaders/AtmospherePrecomputeCommon.usf" 401
"C:/Program Files (x86)/Epic Games/4.12/Engine/Binaries/Win64/../../../Engine/Shaders/AtmospherePrecompute.usf" 402
"C:/Program Files (x86)/Epic Games/4.12/Engine/Binaries/Win64/../../../Engine/Shaders/AtmosphericFogShader.usf" 403
"C:/Program Files (x86)/Epic Games/4.12/Engine/Binaries/Win64/../../../Engine/Shaders/ResolveVertexShader.usf" 404
"C:/Program Files (x86)/Epic Games/4.12/Engine/Binaries/Win64/../../../Engine/Shaders/ResolvePixelShader.usf" 405
"C:/Program Files (x86)/Epic Games/4.12/Engine/Binaries/Win64/../../../Engine/Shaders/OneColorShader.usf" 406
"C:/Program Files (x86)/Epic Games/4.12/Engine/Binaries/Win64/../../../Engine/Shaders/MediaShaders.usf" 407
"C:/Program Files (x86)/Epic Games/4.12/Engine/Binaries/Win64/../../../Engine/Shaders/ClearReplacementShaders.usf" 408
"C:/Program Files (x86)/Epic Games/4.12/Engine/Binaries/Win64/../../../Engine/Shaders/SimpleElementTexture2DPreviewPixelShader.usf" 409
"C:/Program Files (x86)/Epic Games/4.12/Engine/Binaries/Win64/../../../Engine/Shaders/SimpleElementNormalMapPixelShader.usf" 410
"C:/Program Files (x86)/Epic Games/4.12/Engine/Binaries/Win64/../../../Engine/Shaders/meshpaintdilatepixelshader.usf" 411
"C:/Program Files (x86)/Epic Games/4.12/Engine/Binaries/Win64/../../../Engine/Shaders/meshpaintdilatevertexshader.usf" 412
"C:/Program Files (x86)/Epic Games/4.12/Engine/Binaries/Win64/../../../Engine/Shaders/MeshPaintPixelShader.usf" 413
"C:/Program Files (x86)/Epic Games/4.12/Engine/Binaries/Win64/../../../Engine/Shaders/MeshPaintVertexShader.usf" 414
"C:/Users/uxtuno/AppData/Local/UnrealEngine/4.12/DerivedDataCache/Boot.ddc" 415
"../../../Engine/DerivedDataCache/Compressed.ddp" 416
"../../../Engine/Content/EditorResources/S_Actor.uasset" 417
"../../../Engine/Config/Android/AndroidEngine.ini" 418
"../../../Engine/Config/IOS/IOSEngine.ini" 419
"../../../Engine/Config/Linux/LinuxEngine.ini" 420
"C:/Users/uxtuno/Documents/SpectorFront/Saved/Config/Windows/GameplayTags.ini" 421
"../../../../../../Users/uxtuno/Documents/SpectorFront/Intermediate/Config/CoalescedSourceConfigs/GameplayTags.ini" 422
"../../../Engine/Content/EngineResources/AICON-Red.uasset" 423
"../../../Engine/Content/EngineResources/AICON-Green.uasset" 424
"C:/Users/uxtuno/Documents/SpectorFront/Saved/Config/Windows/TemplateDefs.ini" 425
"../../../../../../Users/uxtuno/Documents/SpectorFront/Intermediate/Config/CoalescedSourceConfigs/TemplateDefs.ini" 426
"../../../Engine/Content/EngineFonts/Roboto.uasset" 427
"../../../Engine/Content/EngineMaterials/Widget3DPassThrough_Translucent.uasset" 428
"../../../Engine/Content/EngineMaterials/Widget3DPassThrough.uasset" 429
"../../../Engine/Content/Functions/Engine_MaterialFunctions01/Texturing/ScaleUVsByCenter.uasset" 430
"../../../Engine/Content/Functions/Engine_MaterialFunctions02/Utility/BreakOutFloat2Components.uasset" 431
"../../../Engine/Content/Functions/Engine_MaterialFunctions02/ScreenResolution.uasset" 432
"../../../Engine/Content/Functions/Engine_MaterialFunctions02/Texturing/ScreenAlignedUVs.uasset" 433
"../../../Engine/Content/EngineResources/WhiteSquareTexture.uasset" 434
"../../../Engine/Content/Functions/Engine_MaterialFunctions01/Shading/PowerToRoughness.uasset" 435
"../../../Engine/Content/Functions/Engine_MaterialFunctions01/Shading/ConvertFromDiffSpec.uasset" 436
"../../../Engine/Content/EngineMaterials/WorldGridMaterial.uasset" 437
"../../../Engine/Content/Functions/Engine_MaterialFunctions01/Opacity/CameraDepthFade.uasset" 438
"../../../Engine/Content/EngineMaterials/T_Default_Material_Grid_M.uasset" 439
"../../../Engine/Content/EngineMaterials/T_Default_Material_Grid_N.uasset" 440
"../../../Engine/Content/EngineMaterials/DefaultDeferredDecalMaterial.uasset" 441
"../../../Engine/Content/EngineMaterials/DefaultDiffuse.uasset" 442
"../../../Engine/Content/EngineMaterials/DefaultLightFunctionMaterial.uasset" 443
"../../../Engine/Content/EngineMaterials/DefaultPostProcessMaterial.uasset" 444
"../../../Engine/Content/EngineResources/DefaultTexture.uasset" 445
"../../../Engine/Content/EngineMaterials/Widget3DPassThrough_Translucent_OneSided.uasset" 446
"../../../Engine/Content/EngineMaterials/Widget3DPassThrough_Opaque.uasset" 447
"../../../Engine/Content/EngineMaterials/Widget3DPassThrough_Opaque_OneSided.uasset" 448
"../../../Engine/Content/EngineMaterials/Widget3DPassThrough_Masked.uasset" 449
"../../../Engine/Content/EngineMaterials/Widget3DPassThrough_Masked_OneSided.uasset" 450
"../../../Engine/Content/Maps/Templates/Thumbnails/Default.uasset" 451
"../../../Engine/Content/Maps/Templates/Thumbnails/VR-Basic.uasset" 452
"../../../Engine/Content/EditorMaterials/ParticleSystems/PSysThumbnail_NoImage.uasset" 453
"../../../Engine/Content/EditorMaterials/ParticleSystems/PSysThumbnail_OOD.uasset" 454
"../../../Engine/Content/EditorLandscapeResources/DataLayer.uasset" 455
"../../../Engine/Content/EngineDamageTypes/DmgTypeBP_Environmental.uasset" 456
"..\..\..\Engine\Content\Internationalization\icudt53l\numberingSystems.res" 457
"..\..\..\Engine\Content\Internationalization\icudt53l\curr\supplementalData.res" 458
"..\..\..\Engine\Content\Internationalization\icudt53l\curr\pool.res" 459
"..\..\..\Engine\Content\Internationalization\icudt53l\curr\en.res" 460
"..\..\..\Engine\Content\Internationalization\icudt53l\curr\root.res" 461
"../../../Engine/Content/EngineMeshes/Sphere.uasset" 462
"../../../Engine/Content/EngineFonts/RobotoDistanceField.uasset" 463
"../../../Engine/Content/EngineMaterials/DefaultTextMaterialOpaque.uasset" 464
"../../../Engine/Content/EditorResources/S_Trigger.uasset" 465
"../../../Engine/Content/EngineResources/GradientTexture0.uasset" 466
"../../../Engine/Content/EngineResources/Black.uasset" 467
"../../../Engine/Content/EditorMaterials/MatineeGroups/MAT_Groups_Float.uasset" 468
"../../../Engine/Content/EditorMaterials/MatineeGroups/MAT_Groups_Director.uasset" 469
"../../../Engine/Content/EditorMaterials/MatineeGroups/MAT_Groups_Event.uasset" 470
"../../../Engine/Content/EditorMaterials/MatineeGroups/MAT_Groups_Anim.uasset" 471
"../../../Engine/Content/EditorMaterials/MatineeGroups/MAT_Groups_Fade.uasset" 472
"../../../Engine/Content/EditorMaterials/MatineeGroups/MAT_Groups_Move.uasset" 473
"../../../Engine/Content/EditorMaterials/MatineeGroups/MAT_Groups_Slomo.uasset" 474
"../../../Engine/Content/EditorMaterials/MatineeGroups/MAT_ColorTrack.uasset" 475
"../../../Engine/Content/EditorMaterials/MAT_Groups_Toggle.uasset" 476
"../../../Engine/Content/EditorMaterials/MatineeGroups/MAT_Groups_AudioMaster.uasset" 477
"../../../Engine/Content/EditorMaterials/MatineeGroups/MAT_Groups_Sound.uasset" 478
"../../../Engine/Content/EditorMaterials/MatineeGroups/MAT_Groups_Vector.uasset" 479
"../../../Engine/Content/EditorMaterials/MAT_Groups_Visibility.uasset" 480
"../../../Engine/Content/EngineResources/DefaultTextureCube.uasset" 481
"../../../Engine/Content/EngineSounds/Master.uasset" 482
"../../../Engine/Content/EngineSounds/Music.uasset" 483
"../../../Engine/Content/EngineSounds/SFX.uasset" 484
"../../../Engine/Content/EngineSounds/Normal_Attack.uasset" 485
"../../../Engine/Content/EngineSounds/Special_Attack_PSM.uasset" 486
"../../../Engine/Content/EngineSounds/Duck_Normal_Attack_MixMod.uasset" 487
"../../../Engine/Content/EngineSounds/Voice.uasset" 488
"../../../Engine/Content/EngineMeshes/Cylinder.uasset" 489
"../../../Engine/Content/EngineMaterials/DefaultMaterial.uasset" 490
"../../../Engine/Content/EngineTireTypes/DefaultTireType.uasset" 491
"../../../../../../Users/uxtuno/Documents/SpectorFront/Intermediate/AssetRegistryCache/2657c409.bin" 492
"../../../../../../Users/uxtuno/Documents/SpectorFront/Intermediate/AssetRegistryCache/866581fd.bin" 493
"../../../../../../Users/uxtuno/Documents/SpectorFront/Intermediate/AssetRegistryCache/8c0e1344.bin" 494
"../../../Engine/Content/Editor/Slate/Fonts/FontAwesome.ttf" 495
"../../../Engine/Content/Editor/Slate/Fonts/DroidSansMono.ttf" 496
"../../../Engine/Content/Editor/Slate/Fonts/Roboto-BoldCondensed.ttf" 497
"../../../Engine/Content/Editor/Slate/Fonts/Roboto-Black.ttf" 498
"../../../Engine/Content/Editor/Slate/Fonts/Roboto-Italic.ttf" 499
"../../../Engine/Content/Editor/Slate/Fonts/Roboto-BoldCondensedItalic.ttf" 500
"../../../Engine/Content/EditorMeshes/Camera/SM_CraneRig_Base.uasset" 501
"../../../Engine/Content/EditorMaterials/Camera/MI_CineMat_Rig.uasset" 502
"../../../Engine/Content/EditorMaterials/Camera/CineMat.uasset" 503
"../../../Engine/Content/EditorMeshes/Camera/SM_CraneRig_Arm.uasset" 504
"../../../Engine/Content/EditorMeshes/Camera/SM_CraneRig_Mount.uasset" 505
"../../../Engine/Content/EditorMeshes/Camera/SM_CraneRig_Body.uasset" 506
"../../../Engine/Content/EditorMeshes/Camera/SM_RailRig_Track.uasset" 507
"../../../Engine/Content/EditorMeshes/Camera/SM_RailRig_Mount.uasset" 508
"..\..\..\Engine\Content\Internationalization\icudt53l\coll\ucadata.icu" 509
"..\..\..\Engine\Content\Internationalization\icudt53l\nfc.nrm" 510
"..\..\..\Engine\Content\Internationalization\icudt53l\coll\en.res" 511
"..\..\..\Engine\Content\Internationalization\icudt53l\coll\root.res" 512
"../../../Engine/Content/VREditor/TransformGizmo/TransformGizmoMaterial.uasset" 513
"../../../Engine/Content/VREditor/LaserPointer/VR_LaserPower_01.uasset" 514
"../../../Engine/Content/VREditor/TransformGizmo/TranslucentTransformGizmoMaterial.uasset" 515
"../../../Engine/Content/VREditor/TransformGizmo/TranslationHandle.uasset" 516
"../../../Engine/Content/VREditor/TransformGizmo/PlaneTranslationHandle.uasset" 517
"../../../Engine/Content/VREditor/TransformGizmo/RotationHandle.uasset" 518
"../../../Engine/Content/VREditor/TransformGizmo/StretchingHandle.uasset" 519
"../../../Engine/Content/VREditor/TransformGizmo/BoundingBoxCorner.uasset" 520
"../../../Engine/Content/VREditor/TransformGizmo/BoundingBoxEdge.uasset" 521
"../../../Engine/Content/VREditor/TransformGizmo/UniformScaleHandle.uasset" 522
"../../../Engine/Content/VREditor/Fonts/VRTextMaterial.uasset" 523
"../../../Engine/Content/VREditor/Fonts/VRText_RobotoLarge.uasset" 524
"../../../Engine/Content/VREditor/FloatingText/LineSegmentCylinder.uasset" 525
"../../../Engine/Content/VREditor/FloatingText/LineMaterial.uasset" 526
"../../../Engine/Content/VREditor/FloatingText/JointSphere.uasset" 527
"../../../Engine/Content/VREditor/Fonts/TranslucentVRTextMaterial.uasset" 528
"../../../Engine/Content/VREditor/UI/SM_ContentWindow_01.uasset" 529
"../../../Engine/Content/VREditor/UI/M_ContentWindow.uasset" 530
"../../../Engine/Content/VREditor/Devices/Vive/UE4_Logo.uasset" 531
"../../../Engine/Content/VREditor/UI/SelectionBarMesh.uasset" 532
"../../../Engine/Content/VREditor/UI/CloseButtonMesh.uasset" 533
"../../../Engine/Content/Tutorial/Basics/LevelEditorAttract.uasset" 534
"../../../Engine/Content/Tutorial/ContentIntroCurve.uasset" 535
"../../../Engine/Plugins/2D/Paper2D/Content/MaskedUnlitSpriteMaterial.uasset" 536
"../../../Engine/Plugins/2D/Paper2D/Content/DefaultSpriteMaterial.uasset" 537
"../../../Engine/Plugins/2D/Paper2D/Content/DummySpriteTexture.uasset" 538
"../../../Engine/Plugins/2D/Paper2D/Content/PlaceholderTextures/DummySpriteTexture.uasset" 539
"../../../Engine/Plugins/2D/Paper2D/Content/OpaqueUnlitSpriteMaterial.uasset" 540
"../../../Engine/Plugins/2D/Paper2D/Content/DefaultPaperTerrainMaterial.uasset" 541
"../../../Engine/Plugins/2D/Paper2D/Content/DummySprite.uasset" 542
"../../../../../../Users/uxtuno/Documents/SpectorFront/Content/BluePrints/Player/BP_Player.uasset" 543
"../../../../../../Users/uxtuno/Documents/SpectorFront/Content/FirstPerson/Animations/FirstPerson_AnimBP.uasset" 544
"../../../../../../Users/uxtuno/Documents/SpectorFront/Content/FirstPerson/Animations/FirstPerson_Idle.uasset" 545
"../../../../../../Users/uxtuno/Documents/SpectorFront/Content/FirstPerson/Character/Mesh/SK_Mannequin_Arms_Skeleton.uasset" 546
"../../../../../../Users/uxtuno/Documents/SpectorFront/Content/FirstPerson/Animations/FirstPerson_JumpEnd.uasset" 547
"../../../../../../Users/uxtuno/Documents/SpectorFront/Content/FirstPerson/Animations/FirstPerson_JumpLoop.uasset" 548
"../../../../../../Users/uxtuno/Documents/SpectorFront/Content/FirstPerson/Animations/FirstPerson_JumpStart.uasset" 549
"../../../../../../Users/uxtuno/Documents/SpectorFront/Content/FirstPerson/Animations/FirstPerson_Run.uasset" 550
"../../../Engine/Content/EditorBlueprintResources/StandardMacros.uasset" 551
"../../../../../../Users/uxtuno/Documents/SpectorFront/Content/FirstPerson/Animations/FirstPersonFire_Montage.uasset" 552
"../../../../../../Users/uxtuno/Documents/SpectorFront/Content/FirstPerson/Animations/FirstPerson_Fire.uasset" 553
"../../../../../../Users/uxtuno/Documents/SpectorFront/Content/BluePrints/BP_GameInstance.uasset" 554
"../../../../../../Users/uxtuno/Documents/SpectorFront/Content/Audio/SoundFunctionLibrary.uasset" 555
"../../../../../../Users/uxtuno/Documents/SpectorFront/Content/Audio/BGM/Awa_Death_Dance1_Cue.uasset" 556
"../../../../../../Users/uxtuno/Documents/SpectorFront/Content/Audio/BGM/Awa_Death_Dance2_Cue.uasset" 557
"../../../../../../Users/uxtuno/Documents/SpectorFront/Content/Audio/BGM/AZKI_COMBAT_Cue.uasset" 558
"../../../../../../Users/uxtuno/Documents/SpectorFront/Content/Audio/BGM/Ready_to_next_AZKI_Cue.uasset" 559
"../../../../../../Users/uxtuno/Documents/SpectorFront/Content/Audio/BGM/Shoot_by_small_bean_Cue.uasset" 560
"../../../../../../Users/uxtuno/Documents/SpectorFront/Content/Audio/BGM/?????????End_roll?_Cue.uasset" 561
"../../../../../../Users/uxtuno/Documents/SpectorFront/Content/Audio/BGM/?????????Tile_call?_Cue.uasset" 562
"../../../../../../Users/uxtuno/Documents/SpectorFront/Content/Audio/BGM/????????_AZKI_Remix__Cue.uasset" 563
"../../../../../../Users/uxtuno/Documents/SpectorFront/Content/Audio/BGM_Name.uasset" 564
"../../../../../../Users/uxtuno/Documents/SpectorFront/Content/Audio/SE/????_Cue.uasset" 565
"../../../../../../Users/uxtuno/Documents/SpectorFront/Content/Audio/SE/???2_Cue.uasset" 566
"../../../../../../Users/uxtuno/Documents/SpectorFront/Content/Audio/SE/???_Cue.uasset" 567
"../../../../../../Users/uxtuno/Documents/SpectorFront/Content/Audio/SE/????1_Cue.uasset" 568
"../../../../../../Users/uxtuno/Documents/SpectorFront/Content/Audio/SE/????3_Cue.uasset" 569
"../../../../../../Users/uxtuno/Documents/SpectorFront/Content/Audio/SE/????_Cue.uasset" 570
"../../../../../../Users/uxtuno/Documents/SpectorFront/Content/Audio/SE/??2_Cue.uasset" 571
"../../../../../../Users/uxtuno/Documents/SpectorFront/Content/Audio/SE/??05_Cue.uasset" 572
"../../../../../../Users/uxtuno/Documents/SpectorFront/Content/Audio/SE/??_Cue.uasset" 573
"../../../../../../Users/uxtuno/Documents/SpectorFront/Content/Audio/SE/?_Cue.uasset" 574
"../../../../../../Users/uxtuno/Documents/SpectorFront/Content/Audio/SE_Name.uasset" 575
"../../../../../../Users/uxtuno/Documents/SpectorFront/Content/BluePrints/UI/WBP_Fade.uasset" 576
"../../../../../../Users/uxtuno/Documents/SpectorFront/Content/BluePrints/UI/WBP_NowLoading.uasset" 577
"../../../../../../Users/uxtuno/Documents/SpectorFront/Content/DataAssets/DA_SceneTransition.uasset" 578
"../../../../../../Users/uxtuno/Documents/SpectorFront/Content/BluePrints/BP_GameState.uasset" 579
"../../../../../../Users/uxtuno/Documents/SpectorFront/Content/BluePrints/Player/BP_PlayerCamera.uasset" 580
"../../../../../../Users/uxtuno/Documents/SpectorFront/Content/BluePrints/Weapons/BP_Projectile.uasset" 581
"../../../../../../Users/uxtuno/Documents/SpectorFront/Content/Props/?/BP_honoo.uasset" 582
"../../../../../../Users/uxtuno/Documents/SpectorFront/Content/Props/?/P_honoo.uasset" 583
"../../../../../../Users/uxtuno/Documents/SpectorFront/Content/StarterContent/Particles/Materials/M_Fire_SubUV.uasset" 584
"../../../../../../Users/uxtuno/Documents/SpectorFront/Content/StarterContent/Textures/T_Fire_SubUV.uasset" 585
"../../../../../../Users/uxtuno/Documents/SpectorFront/Content/StarterContent/Textures/T_Fire_Tiled_D.uasset" 586
"../../../../../../Users/uxtuno/Documents/SpectorFront/Content/FirstPersonCPP/Blueprints/FirstPersonProjectile.uasset" 587
"../../../../../../Users/uxtuno/Documents/SpectorFront/Content/FirstPerson/Meshes/FirstPersonProjectileMesh.uasset" 588
"../../../../../../Users/uxtuno/Documents/SpectorFront/Content/FirstPerson/Meshes/FirstPersonProjectileMaterial.uasset" 589
"../../../../../../Users/uxtuno/Documents/SpectorFront/Content/FirstPerson/Meshes/BaseMaterial.uasset" 590
"../../../../../../Users/uxtuno/Documents/SpectorFront/Content/Effects/P_SmoleExplosion.uasset" 591
"../../../../../../Users/uxtuno/Documents/SpectorFront/Content/StarterContent/Particles/Materials/M_Burst.uasset" 592
"../../../../../../Users/uxtuno/Documents/SpectorFront/Content/StarterContent/Textures/T_Burst_M.uasset" 593
"../../../../../../Users/uxtuno/Documents/SpectorFront/Content/StarterContent/Particles/Materials/M_explosion_subUV.uasset" 594
"../../../../../../Users/uxtuno/Documents/SpectorFront/Content/StarterContent/Textures/T_Explosion_SubUV.uasset" 595
"../../../../../../Users/uxtuno/Documents/SpectorFront/Content/StarterContent/Particles/Materials/m_flare_01.uasset" 596
"../../../../../../Users/uxtuno/Documents/SpectorFront/Content/StarterContent/Particles/Materials/M_smoke_subUV.uasset" 597
"../../../../../../Users/uxtuno/Documents/SpectorFront/Content/StarterContent/Textures/T_Smoke_SubUV.uasset" 598
"../../../../../../Users/uxtuno/Documents/SpectorFront/Content/StarterContent/Textures/T_Smoke_Tiled_D.uasset" 599
"../../../../../../Users/uxtuno/Documents/SpectorFront/Content/Effects/P_Spark.uasset" 600
"../../../../../../Users/uxtuno/Documents/SpectorFront/Content/StarterContent/Particles/Materials/M_radial_ramp.uasset" 601
"../../../Engine/Content/Functions/Engine_MaterialFunctions01/Gradient/RadialGradient.uasset" 602
"../../../../../../Users/uxtuno/Documents/SpectorFront/Content/FirstPerson/Audio/FirstPersonTemplateWeaponFire02.uasset" 603
"../../../../../../Users/uxtuno/Documents/SpectorFront/Content/Audio/SE/?.uasset" 604
"../../../../../../Users/uxtuno/Documents/SpectorFront/Content/Audio/SE/??.uasset" 605
"../../../../../../Users/uxtuno/Documents/SpectorFront/Content/Audio/SE/??05.uasset" 606
"../../../../../../Users/uxtuno/Documents/SpectorFront/Content/Audio/SE/??2.uasset" 607
"../../../../../../Users/uxtuno/Documents/SpectorFront/Content/Audio/SE/????.uasset" 608
"../../../../../../Users/uxtuno/Documents/SpectorFront/Content/Audio/SE/????3.uasset" 609
"../../../../../../Users/uxtuno/Documents/SpectorFront/Content/Audio/SE/????1.uasset" 610
"../../../../../../Users/uxtuno/Documents/SpectorFront/Content/Audio/SE/???.uasset" 611
"../../../../../../Users/uxtuno/Documents/SpectorFront/Content/Audio/SE/???2.uasset" 612
"../../../../../../Users/uxtuno/Documents/SpectorFront/Content/Audio/SE/????.uasset" 613
"../../../../../../Users/uxtuno/Documents/SpectorFront/Content/Audio/BGM/????????_AZKI_Remix_.uasset" 614
"../../../../../../Users/uxtuno/Documents/SpectorFront/Content/Audio/BGM/?????????Tile_call?.uasset" 615
"../../../../../../Users/uxtuno/Documents/SpectorFront/Content/Audio/BGM/?????????End_roll?.uasset" 616
"../../../../../../Users/uxtuno/Documents/SpectorFront/Content/Audio/BGM/Shoot_by_small_bean.uasset" 617
"../../../../../../Users/uxtuno/Documents/SpectorFront/Content/Audio/BGM/Ready_to_next_AZKI.uasset" 618
"../../../../../../Users/uxtuno/Documents/SpectorFront/Content/Audio/BGM/AZKI_COMBAT.uasset" 619
"../../../../../../Users/uxtuno/Documents/SpectorFront/Content/Audio/BGM/Awa_Death_Dance_??.uasset" 620
"../../../../../../Users/uxtuno/Documents/SpectorFront/Content/Audio/BGM/Awa_Death_Dance2.uasset" 621
"../../../../../../Users/uxtuno/Documents/SpectorFront/Content/Audio/BGM/Awa_Death_Dance1.uasset" 622
"../../../../../../Users/uxtuno/Documents/SpectorFront/Content/FirstPerson/Textures/FirstPersonCrosshair.uasset" 623
"C:/Users/uxtuno/AppData/Local/UnrealEngine/4.12/Saved/Config/Windows/SourceControlSettings.ini" 624
"../../../../../../Users/uxtuno/Documents/SpectorFront/Intermediate/Config/CoalescedSourceConfigs/SourceControlSettings.ini" 625
"C:/Users/uxtuno/Documents/SpectorFront/Saved/Config/Windows/SourceControlSettings.ini" 626
"../../../Engine/Content/EngineMaterials/RemoveSurfaceMaterial.uasset" 627
"../../../Engine/Content/EngineDebugMaterials/DebugMeshMaterial.uasset" 628
"../../../Engine/Content/EngineMaterials/M_InvalidLightmapSettings.uasset" 629
"../../../Engine/Content/EngineMaterials/InvalidLightmapSettings.uasset" 630
"../../../Engine/Content/EditorMaterials/GizmoMaterial.uasset" 631
"../../../Engine/Content/EngineMaterials/Good64x64TilingNoiseHighFreq.uasset" 632
"../../../Engine/Content/EngineMaterials/DefaultBokeh.uasset" 633
"../../../Engine/Content/EngineMaterials/PreintegratedSkinBRDF.uasset" 634
"../../../Engine/Content/EngineMaterials/MiniFont.uasset" 635
"../../../Engine/Content/EngineMaterials/WeightMapPlaceholderTexture.uasset" 636
"../../../Engine/Content/EngineMaterials/DefaultWhiteGrid.uasset" 637
"../../../Engine/Content/EngineMaterials/DefaultPhysicalMaterial.uasset" 638
"../../../Engine/Content/EngineFonts/RobotoTiny.uasset" 639
"C:/Users/uxtuno/AppData/Local/UnrealEngine/4.12/Saved/AutoLoadProject.txt" 640
"C:/Users/uxtuno/Documents/SpectorFront/Saved/Config/Windows/InternationalizationExport.ini" 641
"../../../../../../Users/uxtuno/Documents/SpectorFront/Intermediate/Config/CoalescedSourceConfigs/InternationalizationExport.ini" 642
"C:/Users/uxtuno/Documents/SpectorFront/Saved/Config/Windows/TranslationPickerSettings.ini" 643
"../../../../../../Users/uxtuno/Documents/SpectorFront/Intermediate/Config/CoalescedSourceConfigs/TranslationPickerSettings.ini" 644
"../../../Engine/Content/EditorSounds/Notifications/CompileStart_Cue.uasset" 645
"../../../Engine/Content/EditorSounds/Notifications/CompileSuccess.uasset" 646
"../../../Engine/Content/EditorSounds/Notifications/CompileSuccess_Cue.uasset" 647
"../../../Engine/Content/EditorSounds/Notifications/CompileFailed_Cue.uasset" 648
"../../../Engine/Content/EditorSounds/Notifications/CompileFailed.uasset" 649
"../../../Engine/Content/BasicShapes/Cube.uasset" 650
"../../../Engine/Content/BasicShapes/Sphere.uasset" 651
"../../../Engine/Content/BasicShapes/Cylinder.uasset" 652
"../../../Engine/Content/BasicShapes/Cone.uasset" 653
"../../../../../../Users/uxtuno/Documents/SpectorFront/Intermediate/CachedAssetRegistry.bin" 654
"../../../../../../Users/uxtuno/Documents/SpectorFront/Content/Maps/Stage/BossStage/BossStageSequence.uasset" 655
"../../../../../../Users/uxtuno/Documents/SpectorFront/Saved/Autosaves/Game/BluePrints/BP_GameInstance_Auto1.uasset" 656
"../../../../../../Users/uxtuno/Documents/SpectorFront/Saved/Autosaves/Game/BluePrints/BP_GameInstance_Auto2.uasset" 657
"../../../../../../Users/uxtuno/Documents/SpectorFront/Saved/Autosaves/Game/BluePrints/BP_GameMode_Auto1.uasset" 658
"../../../../../../Users/uxtuno/Documents/SpectorFront/Saved/Autosaves/Game/BluePrints/Components/BP_FloatingMatterComponent_Auto1.uasset" 659
"../../../../../../Users/uxtuno/Documents/SpectorFront/Saved/Autosaves/Game/BluePrints/Conponents/BP_FloatingMatterComponent_Auto1.uasset" 660
"../../../../../../Users/uxtuno/Documents/SpectorFront/Saved/Autosaves/Game/BluePrints/Enemies/BP_Akahati_Auto1.uasset" 661
"../../../../../../Users/uxtuno/Documents/SpectorFront/Saved/Autosaves/Game/BluePrints/Enemies/BP_BaseEnemy_Auto1.uasset" 662
"../../../../../../Users/uxtuno/Documents/SpectorFront/Saved/Autosaves/Game/BluePrints/Enemies/BP_BaseEnemy_Auto9.uasset" 663
"../../../../../../Users/uxtuno/Documents/SpectorFront/Saved/Autosaves/Game/BluePrints/Enemies/BP_Daibutu_Auto2.uasset" 664
"../../../../../../Users/uxtuno/Documents/SpectorFront/Saved/Autosaves/Game/BluePrints/Enemies/BP_Daibutu_Auto3.uasset" 665
"../../../../../../Users/uxtuno/Documents/SpectorFront/Saved/Autosaves/Game/BluePrints/Enemies/BP_Daibutu_Auto5.uasset" 666
"../../../../../../Users/uxtuno/Documents/SpectorFront/Saved/Autosaves/Game/BluePrints/Enemies/BP_Lantern_Auto1.uasset" 667
"../../../../../../Users/uxtuno/Documents/SpectorFront/Saved/Autosaves/Game/BluePrints/Enemies/BP_tyoutin_Auto1.uasset" 668
"../../../../../../Users/uxtuno/Documents/SpectorFront/Saved/Autosaves/Game/BluePrints/GameFlow/BP_EnemySpawner_Auto1.uasset" 669
"../../../../../../Users/uxtuno/Documents/SpectorFront/Saved/Autosaves/Game/BluePrints/GameFlow/BP_SequentialSpawnDirector_Auto1.uasset" 670
"../../../../../../Users/uxtuno/Documents/SpectorFront/Saved/Autosaves/Game/BluePrints/GameFlow/BP_SequentialSpawnDirector_Auto2.uasset" 671
"../../../../../../Users/uxtuno/Documents/SpectorFront/Saved/Autosaves/Game/BluePrints/GameFlow/BP_SequentialSpawnDirector_Auto3.uasset" 672
"../../../../../../Users/uxtuno/Documents/SpectorFront/Saved/Autosaves/Game/BluePrints/MyLibrary/MyLoopMacros_Auto2.uasset" 673
"../../../../../../Users/uxtuno/Documents/SpectorFront/Saved/Autosaves/Game/BluePrints/Player/BP_PlayerController_Auto2.uasset" 674
"../../../../../../Users/uxtuno/Documents/SpectorFront/Saved/Autosaves/Game/BluePrints/Player/BP_Player_Auto1.uasset" 675
"../../../../../../Users/uxtuno/Documents/SpectorFront/Saved/Autosaves/Game/BluePrints/Player/BP_Player_Auto2.uasset" 676
"../../../../../../Users/uxtuno/Documents/SpectorFront/Saved/Autosaves/Game/BluePrints/Player/BP_Player_Auto5.uasset" 677
"../../../../../../Users/uxtuno/Documents/SpectorFront/Saved/Autosaves/Game/BluePrints/Player/BP_Player_Auto8.uasset" 678
"../../../../../../Users/uxtuno/Documents/SpectorFront/Saved/Autosaves/Game/BluePrints/Props/BP_FloatingMatterActor_Auto1.uasset" 679
"../../../../../../Users/uxtuno/Documents/SpectorFront/Saved/Autosaves/Game/BluePrints/Props/NewBlueprint_Auto1.uasset" 680
"../../../../../../Users/uxtuno/Documents/SpectorFront/Saved/Autosaves/Game/BluePrints/UI/Score_Auto1.uasset" 681
"../../../../../../Users/uxtuno/Documents/SpectorFront/Saved/Autosaves/Game/BluePrints/UI/WBP_BossHPBar_Auto1.uasset" 682
"../../../../../../Users/uxtuno/Documents/SpectorFront/Saved/Autosaves/Game/BluePrints/UI/WBP_Fade_Auto1.uasset" 683
"../../../../../../Users/uxtuno/Documents/SpectorFront/Saved/Autosaves/Game/BluePrints/UI/WBP_GameOver_Auto1.uasset" 684
"../../../../../../Users/uxtuno/Documents/SpectorFront/Saved/Autosaves/Game/BluePrints/UI/WBP_NowLoading_Auto1.uasset" 685
"../../../../../../Users/uxtuno/Documents/SpectorFront/Saved/Autosaves/Game/BluePrints/UI/WBP_NowLoading_Auto2.uasset" 686
"../../../../../../Users/uxtuno/Documents/SpectorFront/Saved/Autosaves/Game/BluePrints/UI/WBP_Reticle_Auto1.uasset" 687
"../../../../../../Users/uxtuno/Documents/SpectorFront/Saved/Autosaves/Game/BluePrints/UI/WBP_Reticle_Auto2.uasset" 688
"../../../../../../Users/uxtuno/Documents/SpectorFront/Saved/Autosaves/Game/BluePrints/UI/WBP_Reticle_Auto3.uasset" 689
"../../../../../../Users/uxtuno/Documents/SpectorFront/Saved/Autosaves/Game/BluePrints/UI/WBP_SimpleSequenceUI_Auto1.uasset" 690
"../../../../../../Users/uxtuno/Documents/SpectorFront/Saved/Autosaves/Game/BluePrints/UI/WBP_StageClear_Auto1.uasset" 691
"../../../../../../Users/uxtuno/Documents/SpectorFront/Saved/Autosaves/Game/BluePrints/UI/WBP_Test_Auto2.uasset" 692
"../../../../../../Users/uxtuno/Documents/SpectorFront/Saved/Autosaves/Game/BluePrints/UI/WBP_Test_Auto3.uasset" 693
"../../../../../../Users/uxtuno/Documents/SpectorFront/Saved/Autosaves/Game/BluePrints/UI/WBP_Test_Auto4.uasset" 694
"../../../../../../Users/uxtuno/Documents/SpectorFront/Saved/Autosaves/Game/BluePrints/Weapons/BP_Projectile_Auto5.uasset" 695
"../../../../../../Users/uxtuno/Documents/SpectorFront/Saved/Autosaves/Game/Maps/MasterLevel_Auto1.umap" 696
"../../../../../../Users/uxtuno/Documents/SpectorFront/Saved/Autosaves/Game/Maps/Stage02Sequence_Auto1.uasset" 697
"../../../../../../Users/uxtuno/Documents/SpectorFront/Saved/Autosaves/Game/Maps/UEDPCMasterLevel.umap" 698
"../../../../../../Users/uxtuno/Documents/SpectorFront/Saved/Autosaves/Game/Maps/UEDPCScoreLevel.umap" 699
"../../../../../../Users/uxtuno/Documents/SpectorFront/Saved/Autosaves/Game/Maps/StaffCredit/UEDPCCreditScene.umap" 700
"../../../../../../Users/uxtuno/Documents/SpectorFront/Saved/Autosaves/Game/Maps/Stage/Stage02_Auto8.umap" 701
"../../../../../../Users/uxtuno/Documents/SpectorFront/Saved/Autosaves/Game/Maps/Stage/Stage02_Auto9.umap" 702
"../../../../../../Users/uxtuno/Documents/SpectorFront/Saved/Autosaves/Game/Maps/Stage/UEDPCStage02.umap" 703
"../../../../../../Users/uxtuno/Documents/SpectorFront/Saved/Autosaves/Game/Maps/Stage/BossStage/BossStageSequence_Auto1.uasset" 704
"../../../../../../Users/uxtuno/Documents/SpectorFront/Saved/Autosaves/Game/Maps/Stage/BossStage/BossStageSequence_Auto2.uasset" 705
"../../../../../../Users/uxtuno/Documents/SpectorFront/Saved/Autosaves/Game/Maps/Stage/BossStage/BossStageSequence_Auto3.uasset" 706
"../../../../../../Users/uxtuno/Documents/SpectorFront/Saved/Autosaves/Game/Maps/Stage/BossStage/BossStage_Auto1.umap" 707
"../../../../../../Users/uxtuno/Documents/SpectorFront/Saved/Autosaves/Game/Maps/Stage/BossStage/BossStage_Auto2.umap" 708
"../../../../../../Users/uxtuno/Documents/SpectorFront/Saved/Autosaves/Game/Maps/Stage/BossStage/BossStage_Auto3.umap" 709
"../../../../../../Users/uxtuno/Documents/SpectorFront/Saved/Autosaves/Game/Maps/Stage/BossStage/BossStage_Auto4.umap" 710
"../../../../../../Users/uxtuno/Documents/SpectorFront/Saved/Autosaves/Game/Maps/Stage/BossStage/BossStage_Auto5.umap" 711
"../../../../../../Users/uxtuno/Documents/SpectorFront/Saved/Autosaves/Game/Maps/Stage/BossStage/UEDPCBossStage.umap" 712
"../../../../../../Users/uxtuno/Documents/SpectorFront/Saved/Autosaves/Game/Maps/Title/UEDPCTitleScene.umap" 713
"../../../../../../Users/uxtuno/Documents/SpectorFront/Saved/Autosaves/Game/Materials/M_Reticle_Auto4.uasset" 714
"../../../../../../Users/uxtuno/Documents/SpectorFront/Saved/Autosaves/Game/Props/?/BP_honoo_Auto5.uasset" 715
"../../../../../../Users/uxtuno/Documents/SpectorFront/Saved/Autosaves/Game/Props/?/BP_honoo_Auto6.uasset" 716
"../../../../../../Users/uxtuno/Documents/SpectorFront/Saved/Autosaves/Game/Props/?/BP_honoo_Auto7.uasset" 717
"../../../../../../Users/uxtuno/Documents/SpectorFront/Saved/Autosaves/Game/Props/?/BP_honoo_Auto8.uasset" 718
"../../../../../../Users/uxtuno/Documents/SpectorFront/Saved/Autosaves/Game/Test/Maps/UEDPCTest_Sequencer.umap" 719
"../../../../../../Users/uxtuno/Documents/SpectorFront/Saved/Autosaves/Game/Test/Maps/Test_Spawner01/Test_Spawner01_Auto1.umap" 720
"../../../../../../Users/uxtuno/Documents/SpectorFront/Saved/Autosaves/Game/Test/Maps/Test_Spawner01/Test_Spawner01_Auto2.umap" 721
"../../../../../../Users/uxtuno/Documents/SpectorFront/Saved/Autosaves/Game/Test/Maps/Test_Spawner01/Test_Spawner01_Auto3.umap" 722
"../../../../../../Users/uxtuno/Documents/SpectorFront/Saved/Autosaves/Game/Test/Maps/Test_Spawner01/UEDPCTest_Spawner01.umap" 723
"../../../../../../Users/uxtuno/Documents/SpectorFront/Saved/Autosaves/Game/Test/Maps/Test_SpawnerTemplate/Test_SpawnerTemplateSequence_Auto1.uasset" 724
"../../../../../../Users/uxtuno/Documents/SpectorFront/Saved/Autosaves/Game/Test/Maps/Test_SpawnerTemplate/Test_SpawnerTemplate_Auto1.umap" 725
"../../../../../../Users/uxtuno/Documents/SpectorFront/Saved/Autosaves/Game/Test/Maps/Test_SpawnerTemplate/Test_SpawnerTemplate_Sub_Auto1.umap" 726
"../../../../../../Users/uxtuno/Documents/SpectorFront/Saved/Autosaves/Game/Test/Maps/Test_SpawnerTemplate/Test_SpawnerTemplate_Sub_Auto2.umap" 727
"../../../../../../Users/uxtuno/Documents/SpectorFront/Saved/Autosaves/Game/Test/Maps/Test_SpawnerTemplate/Test_SpawnerTemplate_Sub_Auto3.umap" 728
"../../../../../../Users/uxtuno/Documents/SpectorFront/Saved/Autosaves/Game/Test/Maps/Test_SpawnerTemplate/UEDPCTest_SpawnerTemplate_Sub.umap" 729
"../../../../../../Users/uxtuno/Documents/SpectorFront/Saved/Autosaves/Game/??????/AIR_rock6_Auto1.uasset" 730
"../../../../../../Users/uxtuno/Documents/SpectorFront/Saved/Autosaves/Game/??????/blinn1_Auto1.uasset" 731
"../../../../../../Users/uxtuno/Documents/SpectorFront/Saved/Autosaves/Game/??????/lambert1_Auto1.uasset" 732
"../../../../../../Users/uxtuno/Documents/SpectorFront/Saved/Autosaves/Game/??????/lambert5_Auto1.uasset" 733
"../../../../../../Users/uxtuno/Documents/SpectorFront/Saved/Autosaves/Game/??????/lambert6_Auto1.uasset" 734
"../../../../../../Users/uxtuno/Documents/SpectorFront/Saved/Autosaves/Game/??????/lambert7_Auto1.uasset" 735
"../../../../../../Users/uxtuno/Documents/SpectorFront/Saved/Autosaves/Game/??????/lambert8_Auto1.uasset" 736
"../../../../../../Users/uxtuno/Documents/SpectorFront/Saved/Autosaves/Game/??????/Maguro2_Auto1.uasset" 737
"../../../../../../Users/uxtuno/Documents/SpectorFront/Saved/Autosaves/Game/??????/phong1_Auto1.uasset" 738
"../../../../../../Users/uxtuno/Documents/SpectorFront/Saved/Autosaves/Game/??????/Rock10_Auto1.uasset" 739
"../../../../../../Users/uxtuno/Documents/SpectorFront/Saved/Autosaves/Game/??????/Rock11_Auto1.uasset" 740
"../../../../../../Users/uxtuno/Documents/SpectorFront/Saved/Autosaves/Game/??????/Rock12_Auto1.uasset" 741
"../../../../../../Users/uxtuno/Documents/SpectorFront/Saved/Autosaves/Game/??????/Rock9_Auto1.uasset" 742
"../../../../../../Users/uxtuno/Documents/SpectorFront/Saved/Autosaves/Game/??????/Rock_Auto1.uasset" 743
